#
# There is insufficient memory for the Java Runtime Environment to continue.
# Native memory allocation (malloc) failed to allocate 2097152 bytes for AllocateHeap
# Possible reasons:
#   The system is out of physical RAM or swap space
#   The process is running with CompressedOops enabled, and the Java Heap may be blocking the growth of the native heap
# Possible solutions:
#   Reduce memory load on the system
#   Increase physical memory or swap space
#   Check if swap backing store is full
#   Decrease Java heap size (-Xmx/-Xms)
#   Decrease number of Java threads
#   Decrease Java thread stack sizes (-Xss)
#   Set larger code cache with -XX:ReservedCodeCacheSize=
#   JVM is running with Unscaled Compressed Oops mode in which the Java heap is
#     placed in the first 4GB address space. The Java Heap base address is the
#     maximum limit for the native heap growth. Please use -XX:HeapBaseMinAddress
#     to set the Java Heap base and to place the Java Heap above 4GB virtual address.
# This output file may be truncated or incomplete.
#
#  Out of Memory Error (allocation.cpp:44), pid=14168, tid=4828
#
# JRE version: Java(TM) SE Runtime Environment (19.0.1+10) (build 19.0.1+10-21)
# Java VM: Java HotSpot(TM) 64-Bit Server VM (19.0.1+10-21, mixed mode, emulated-client, sharing, tiered, compressed oops, compressed class ptrs, g1 gc, windows-amd64)
# No core dump will be written. Minidumps are not enabled by default on client versions of Windows
#

---------------  S U M M A R Y ------------

Command Line: -XX:TieredStopAtLevel=1 -Dspring.output.ansi.enabled=always -Dcom.sun.management.jmxremote -Dspring.jmx.enabled=true -Dspring.liveBeansView.mbeanDomain -Dspring.application.admin.enabled=true -Dmanagement.endpoints.jmx.exposure.include=* -javaagent:D:\IntelliJ IDEA\IntelliJ IDEA 2021.2.2\lib\idea_rt.jar=55843:D:\IntelliJ IDEA\IntelliJ IDEA 2021.2.2\bin -Dfile.encoding=UTF-8 -Dsun.stdout.encoding=UTF-8 -Dsun.stderr.encoding=UTF-8 com.group12.bookinghomestay.BookingHomestayApplication

Host: AMD Ryzen 5 2500U with Radeon Vega Mobile Gfx  , 8 cores, 6G,  Windows 10 , 64 bit Build 19041 (10.0.19041.2546)
Time: Fri Feb  3 16:56:57 2023 SE Asia Standard Time elapsed time: 796.388580 seconds (0d 0h 13m 16s)

---------------  T H R E A D  ---------------

Current thread (0x0000029129333e30):  VMThread "VM Thread" [stack: 0x000000fb7fb00000,0x000000fb7fc00000] [id=4828]

Stack: [0x000000fb7fb00000,0x000000fb7fc00000]
Native frames: (J=compiled Java code, j=interpreted, Vv=VM code, C=native code)
V  [jvm.dll+0x6ee8fa]
V  [jvm.dll+0x857a1e]
V  [jvm.dll+0x85940e]
V  [jvm.dll+0x859ac3]
V  [jvm.dll+0x28291f]
V  [jvm.dll+0xc40eb]
V  [jvm.dll+0x34758e]
V  [jvm.dll+0x3425a0]
V  [jvm.dll+0x32c204]
V  [jvm.dll+0x3728c7]
V  [jvm.dll+0x85ef83]
V  [jvm.dll+0x85fd49]
V  [jvm.dll+0x86027d]
V  [jvm.dll+0x86070b]
V  [jvm.dll+0x8607c7]
V  [jvm.dll+0x8015fa]
V  [jvm.dll+0x6ed5eb]
C  [ucrtbase.dll+0x21bb2]
C  [KERNEL32.DLL+0x17614]
C  [ntdll.dll+0x526a1]

VM_Operation (0x000000fb009ff290): G1CollectFull, mode: safepoint, requested by thread 0x000002912ed3a2a0


---------------  P R O C E S S  ---------------

Threads class SMR info:
_java_thread_list=0x000002912f3bdd60, length=21, elements={
0x000002912934b610, 0x000002912934c400, 0x0000029129352830, 0x000002912934f550,
0x0000029129352ed0, 0x0000029129353800, 0x0000029129354130, 0x0000029129361fc0,
0x000002912d598f10, 0x000002912d973890, 0x000002912d975de0, 0x000002912db212c0,
0x000002912e8af940, 0x000002912ed37820, 0x000002912ed38810, 0x000002912fc4dcf0,
0x000002912fc50220, 0x000002912fc50770, 0x000002912fc4f780, 0x000002912fc4e240,
0x000002912ed3a2a0
}

Java Threads: ( => current thread )
  0x000002912934b610 JavaThread "Reference Handler" daemon [_thread_blocked, id=4064, stack(0x000000fb7fc00000,0x000000fb7fd00000)]
  0x000002912934c400 JavaThread "Finalizer" daemon [_thread_blocked, id=2120, stack(0x000000fb7fd00000,0x000000fb7fe00000)]
  0x0000029129352830 JavaThread "Signal Dispatcher" daemon [_thread_blocked, id=4984, stack(0x000000fb7fe00000,0x000000fb7ff00000)]
  0x000002912934f550 JavaThread "Attach Listener" daemon [_thread_blocked, id=11852, stack(0x000000fb7ff00000,0x000000fb80000000)]
  0x0000029129352ed0 JavaThread "Service Thread" daemon [_thread_blocked, id=8828, stack(0x000000fb00000000,0x000000fb00100000)]
  0x0000029129353800 JavaThread "Monitor Deflation Thread" daemon [_thread_blocked, id=7780, stack(0x000000fb00100000,0x000000fb00200000)]
  0x0000029129354130 JavaThread "C1 CompilerThread0" daemon [_thread_blocked, id=9644, stack(0x000000fb00200000,0x000000fb00300000)]
  0x0000029129361fc0 JavaThread "Sweeper thread" daemon [_thread_blocked, id=6844, stack(0x000000fb00300000,0x000000fb00400000)]
  0x000002912d598f10 JavaThread "Common-Cleaner" daemon [_thread_blocked, id=1288, stack(0x000000fb00400000,0x000000fb00500000)]
  0x000002912d973890 JavaThread "Monitor Ctrl-Break" daemon [_thread_in_native, id=12508, stack(0x000000fb00600000,0x000000fb00700000)]
  0x000002912d975de0 JavaThread "Notification Thread" daemon [_thread_blocked, id=728, stack(0x000000fb00700000,0x000000fb00800000)]
  0x000002912db212c0 JavaThread "RMI TCP Accept-0" daemon [_thread_in_native, id=6336, stack(0x000000fb00a00000,0x000000fb00b00000)]
  0x000002912e8af940 JavaThread "RMI Scheduler(0)" daemon [_thread_blocked, id=8696, stack(0x000000fb01600000,0x000000fb01700000)]
  0x000002912ed37820 JavaThread "mysql-cj-abandoned-connection-cleanup" daemon [_thread_blocked, id=13560, stack(0x000000fb01800000,0x000000fb01900000)]
  0x000002912ed38810 JavaThread "Live Reload Server" daemon [_thread_in_native, id=2168, stack(0x000000fb01f00000,0x000000fb02000000)]
  0x000002912fc4dcf0 JavaThread "DestroyJavaVM" [_thread_blocked, id=10352, stack(0x000000fb7f500000,0x000000fb7f600000)]
  0x000002912fc50220 JavaThread "File Watcher" daemon [_thread_blocked, id=7312, stack(0x000000fb01300000,0x000000fb01400000)]
  0x000002912fc50770 JavaThread "File Watcher" daemon [_thread_blocked, id=1328, stack(0x000000fb01400000,0x000000fb01500000)]
  0x000002912fc4f780 JavaThread "File Watcher" daemon [_thread_blocked, id=11340, stack(0x000000fb01500000,0x000000fb01600000)]
  0x000002912fc4e240 JavaThread "File Watcher" daemon [_thread_blocked, id=9252, stack(0x000000fb01b00000,0x000000fb01c00000)]
  0x000002912ed3a2a0 JavaThread "Thread-41" [_thread_blocked, id=9788, stack(0x000000fb00900000,0x000000fb00a00000)]

Other Threads:
=>0x0000029129333e30 VMThread "VM Thread" [stack: 0x000000fb7fb00000,0x000000fb7fc00000] [id=4828]
  0x0000029115644e10 WatcherThread "VM Periodic Task Thread" [stack: 0x000000fb00b00000,0x000000fb00c00000] [id=3124]
  0x0000029115697ef0 WorkerThread "GC Thread#0" [stack: 0x000000fb7f600000,0x000000fb7f700000] [id=4448]
  0x000002912de78520 WorkerThread "GC Thread#1" [stack: 0x000000fb00c00000,0x000000fb00d00000] [id=1644]
  0x000002912deb3f90 WorkerThread "GC Thread#2" [stack: 0x000000fb00d00000,0x000000fb00e00000] [id=13520]
  0x000002912deb4260 WorkerThread "GC Thread#3" [stack: 0x000000fb00e00000,0x000000fb00f00000] [id=1380]
  0x000002912deb4df0 WorkerThread "GC Thread#4" [stack: 0x000000fb00f00000,0x000000fb01000000] [id=8116]
  0x000002912deb4b20 WorkerThread "GC Thread#5" [stack: 0x000000fb01000000,0x000000fb01100000] [id=12064]
  0x000002912deb5660 WorkerThread "GC Thread#6" [stack: 0x000000fb01100000,0x000000fb01200000] [id=9720]
  0x000002912deb61a0 WorkerThread "GC Thread#7" [stack: 0x000000fb01200000,0x000000fb01300000] [id=3384]
  0x00000291156a6b20 ConcurrentGCThread "G1 Main Marker" [stack: 0x000000fb7f700000,0x000000fb7f800000] [id=12548]
  0x00000291156a8010 WorkerThread "G1 Conc#0" [stack: 0x000000fb7f800000,0x000000fb7f900000] [id=3504]
  0x000002912deb5390 WorkerThread "G1 Conc#1" [stack: 0x000000fb01700000,0x000000fb01800000] [id=10284]
  0x00000291291e9500 ConcurrentGCThread "G1 Refine#0" [stack: 0x000000fb7f900000,0x000000fb7fa00000] [id=9428]
  0x00000291291ebf60 ConcurrentGCThread "G1 Service" [stack: 0x000000fb7fa00000,0x000000fb7fb00000] [id=7652]

Threads with active compile tasks:
C1 CompilerThread0   796420 12791   !   1       java.util.concurrent.ThreadPoolExecutor::tryTerminate (177 bytes)

VM state: at safepoint (normal execution)

VM Mutex/Monitor currently owned by a thread:  ([mutex/lock_event])
[0x000002911563e840] Threads_lock - owner thread: 0x0000029129333e30
[0x000002911563e9f0] Heap_lock - owner thread: 0x000002912ed3a2a0

Heap address: 0x0000000090c00000, size: 1780 MB, Compressed Oops mode: 32-bit

CDS archive(s) mapped at: [0x0000000800000000-0x0000000800c40000-0x0000000800c40000), size 12845056, SharedBaseAddress: 0x0000000800000000, ArchiveRelocationMode: 0.
Compressed class space mapped at: 0x0000000801000000-0x0000000841000000, reserved size: 1073741824
Narrow klass base: 0x0000000800000000, Narrow klass shift: 0, Narrow klass range: 0x100000000

GC Precious Log:
 CardTable entry size: 512
 Card Set container configuration: InlinePtr #cards 5 size 8 Array Of Cards #cards 12 size 40 Howl #buckets 4 coarsen threshold 1843 Howl Bitmap #cards 512 size 80 coarsen threshold 460 Card regions per heap region 1 cards per card region 2048
 CPUs: 8 total, 8 available
 Memory: 7116M
 Large Page Support: Disabled
 NUMA Support: Disabled
 Compressed Oops: Enabled (32-bit)
 Heap Region Size: 1M
 Heap Min Capacity: 8M
 Heap Initial Capacity: 112M
 Heap Max Capacity: 1780M
 Pre-touch: Disabled
 Parallel Workers: 8
 Concurrent Workers: 2
 Concurrent Refinement Workers: 8
 Periodic GC: Disabled

Heap:
 garbage-first heap   total 122880K, used 75972K [0x0000000090c00000, 0x0000000100000000)
  region size 1024K, 37 young (37888K), 3 survivors (3072K)
 Metaspace       used 68509K, committed 69248K, reserved 1114112K
  class space    used 9123K, committed 9472K, reserved 1048576K

Heap Regions: E=young(eden), S=young(survivor), O=old, HS=humongous(starts), HC=humongous(continues), CS=collection set, F=free, OA=open archive, CA=closed archive, TAMS=top-at-mark-start (previous, next)
|   0|0x0000000090c00000, 0x0000000090d00000, 0x0000000090d00000|100%|HS|  |TAMS 0x0000000090d00000, 0x0000000090c00000| Untracked 
|   1|0x0000000090d00000, 0x0000000090e00000, 0x0000000090e00000|100%| O|  |TAMS 0x0000000090e00000, 0x0000000090d00000| Untracked 
|   2|0x0000000090e00000, 0x0000000090f00000, 0x0000000090f00000|100%| O|  |TAMS 0x0000000090f00000, 0x0000000090e00000| Untracked 
|   3|0x0000000090f00000, 0x0000000090ffffd8, 0x0000000091000000| 99%| O|  |TAMS 0x0000000090ffffd8, 0x0000000090f00000| Untracked 
|   4|0x0000000091000000, 0x00000000910ffff0, 0x0000000091100000| 99%| O|  |TAMS 0x00000000910ffff0, 0x0000000091000000| Untracked 
|   5|0x0000000091100000, 0x00000000911fffa0, 0x0000000091200000| 99%| O|  |TAMS 0x00000000911fffa0, 0x0000000091100000| Untracked 
|   6|0x0000000091200000, 0x00000000912fffb0, 0x0000000091300000| 99%| O|  |TAMS 0x00000000912fffb0, 0x0000000091200000| Untracked 
|   7|0x0000000091300000, 0x00000000913fffd8, 0x0000000091400000| 99%| O|  |TAMS 0x00000000913fffd8, 0x0000000091300000| Untracked 
|   8|0x0000000091400000, 0x00000000914fffe8, 0x0000000091500000| 99%| O|  |TAMS 0x00000000914fffe8, 0x0000000091400000| Untracked 
|   9|0x0000000091500000, 0x00000000915fffe8, 0x0000000091600000| 99%| O|  |TAMS 0x00000000915fffe8, 0x0000000091500000| Untracked 
|  10|0x0000000091600000, 0x0000000091700000, 0x0000000091700000|100%| O|  |TAMS 0x0000000091700000, 0x0000000091600000| Untracked 
|  11|0x0000000091700000, 0x00000000917ffff8, 0x0000000091800000| 99%| O|  |TAMS 0x00000000917ffff8, 0x0000000091700000| Untracked 
|  12|0x0000000091800000, 0x00000000918ffff0, 0x0000000091900000| 99%| O|  |TAMS 0x00000000918ffff0, 0x0000000091800000| Untracked 
|  13|0x0000000091900000, 0x00000000919fffe0, 0x0000000091a00000| 99%| O|  |TAMS 0x00000000919fffe0, 0x0000000091900000| Untracked 
|  14|0x0000000091a00000, 0x0000000091afbc00, 0x0000000091b00000| 98%| O|  |TAMS 0x0000000091afbc00, 0x0000000091a00000| Untracked 
|  15|0x0000000091b00000, 0x0000000091bfffe8, 0x0000000091c00000| 99%| O|  |TAMS 0x0000000091bfffe8, 0x0000000091b00000| Untracked 
|  16|0x0000000091c00000, 0x0000000091cffff8, 0x0000000091d00000| 99%| O|  |TAMS 0x0000000091cffff8, 0x0000000091c00000| Untracked 
|  17|0x0000000091d00000, 0x0000000091dfffb0, 0x0000000091e00000| 99%| O|  |TAMS 0x0000000091dfffb0, 0x0000000091d00000| Untracked 
|  18|0x0000000091e00000, 0x0000000091f00000, 0x0000000091f00000|100%| O|  |TAMS 0x0000000091f00000, 0x0000000091e00000| Untracked 
|  19|0x0000000091f00000, 0x0000000091fffff8, 0x0000000092000000| 99%| O|  |TAMS 0x0000000091fffff8, 0x0000000091f00000| Untracked 
|  20|0x0000000092000000, 0x00000000920ffff0, 0x0000000092100000| 99%| O|  |TAMS 0x0000000092000000, 0x0000000092000000| Untracked 
|  21|0x0000000092100000, 0x00000000921ffff8, 0x0000000092200000| 99%| O|  |TAMS 0x00000000921ffff8, 0x0000000092100000| Untracked 
|  22|0x0000000092200000, 0x00000000922fff70, 0x0000000092300000| 99%| O|  |TAMS 0x0000000092200000, 0x0000000092200000| Untracked 
|  23|0x0000000092300000, 0x0000000092400000, 0x0000000092400000|100%| O|  |TAMS 0x0000000092300000, 0x0000000092300000| Untracked 
|  24|0x0000000092400000, 0x00000000924ffc38, 0x0000000092500000| 99%| O|  |TAMS 0x0000000092400000, 0x0000000092400000| Untracked 
|  25|0x0000000092500000, 0x0000000092546b40, 0x0000000092600000| 27%| O|  |TAMS 0x0000000092500000, 0x0000000092500000| Untracked 
|  26|0x0000000092600000, 0x00000000926d1038, 0x0000000092700000| 81%| O|  |TAMS 0x0000000092600000, 0x0000000092600000| Untracked 
|  27|0x0000000092700000, 0x00000000927525e8, 0x0000000092800000| 32%| O|  |TAMS 0x0000000092700000, 0x0000000092700000| Untracked 
|  28|0x0000000092800000, 0x00000000928a6bb0, 0x0000000092900000| 65%| O|  |TAMS 0x0000000092800000, 0x0000000092800000| Untracked 
|  29|0x0000000092900000, 0x00000000929ead98, 0x0000000092a00000| 91%| O|  |TAMS 0x0000000092900000, 0x0000000092900000| Untracked 
|  30|0x0000000092a00000, 0x0000000092b00000, 0x0000000092b00000|100%| O|  |TAMS 0x0000000092a00000, 0x0000000092a00000| Untracked 
|  31|0x0000000092b00000, 0x0000000092c00000, 0x0000000092c00000|100%| O|  |TAMS 0x0000000092b00000, 0x0000000092b00000| Untracked 
|  32|0x0000000092c00000, 0x0000000092d00000, 0x0000000092d00000|100%| O|  |TAMS 0x0000000092c00000, 0x0000000092c00000| Untracked 
|  33|0x0000000092d00000, 0x0000000092e00000, 0x0000000092e00000|100%| O|  |TAMS 0x0000000092d00000, 0x0000000092d00000| Untracked 
|  34|0x0000000092e00000, 0x0000000092f00000, 0x0000000092f00000|100%| O|  |TAMS 0x0000000092e00000, 0x0000000092e00000| Untracked 
|  35|0x0000000092f00000, 0x0000000093000000, 0x0000000093000000|100%| O|  |TAMS 0x0000000092f00000, 0x0000000092f00000| Untracked 
|  36|0x0000000093000000, 0x0000000093100000, 0x0000000093100000|100%| O|  |TAMS 0x0000000093000000, 0x0000000093000000| Untracked 
|  37|0x0000000093100000, 0x0000000093200000, 0x0000000093200000|100%| O|  |TAMS 0x0000000093100000, 0x0000000093100000| Untracked 
|  38|0x0000000093200000, 0x0000000093300000, 0x0000000093300000|100%| O|  |TAMS 0x0000000093200000, 0x0000000093200000| Untracked 
|  39|0x0000000093300000, 0x0000000093400000, 0x0000000093400000|100%| O|  |TAMS 0x0000000093300000, 0x0000000093300000| Untracked 
|  40|0x0000000093400000, 0x000000009343c800, 0x0000000093500000| 23%| O|  |TAMS 0x0000000093400000, 0x0000000093400000| Untracked 
|  41|0x0000000093500000, 0x0000000093500000, 0x0000000093600000|  0%| F|  |TAMS 0x0000000093500000, 0x0000000093500000| Untracked 
|  42|0x0000000093600000, 0x0000000093600000, 0x0000000093700000|  0%| F|  |TAMS 0x0000000093600000, 0x0000000093600000| Untracked 
|  43|0x0000000093700000, 0x0000000093700000, 0x0000000093800000|  0%| F|  |TAMS 0x0000000093700000, 0x0000000093700000| Untracked 
|  44|0x0000000093800000, 0x0000000093800000, 0x0000000093900000|  0%| F|  |TAMS 0x0000000093800000, 0x0000000093800000| Untracked 
|  45|0x0000000093900000, 0x0000000093900000, 0x0000000093a00000|  0%| F|  |TAMS 0x0000000093900000, 0x0000000093900000| Untracked 
|  46|0x0000000093a00000, 0x0000000093a00000, 0x0000000093b00000|  0%| F|  |TAMS 0x0000000093a00000, 0x0000000093a00000| Untracked 
|  47|0x0000000093b00000, 0x0000000093b00000, 0x0000000093c00000|  0%| F|  |TAMS 0x0000000093b00000, 0x0000000093b00000| Untracked 
|  48|0x0000000093c00000, 0x0000000093c00000, 0x0000000093d00000|  0%| F|  |TAMS 0x0000000093c00000, 0x0000000093c00000| Untracked 
|  49|0x0000000093d00000, 0x0000000093d00000, 0x0000000093e00000|  0%| F|  |TAMS 0x0000000093d00000, 0x0000000093d00000| Untracked 
|  50|0x0000000093e00000, 0x0000000093e00000, 0x0000000093f00000|  0%| F|  |TAMS 0x0000000093e00000, 0x0000000093e00000| Untracked 
|  51|0x0000000093f00000, 0x0000000093f00000, 0x0000000094000000|  0%| F|  |TAMS 0x0000000093f00000, 0x0000000093f00000| Untracked 
|  52|0x0000000094000000, 0x0000000094000000, 0x0000000094100000|  0%| F|  |TAMS 0x0000000094000000, 0x0000000094000000| Untracked 
|  53|0x0000000094100000, 0x0000000094100000, 0x0000000094200000|  0%| F|  |TAMS 0x0000000094100000, 0x0000000094100000| Untracked 
|  54|0x0000000094200000, 0x0000000094200000, 0x0000000094300000|  0%| F|  |TAMS 0x0000000094200000, 0x0000000094200000| Untracked 
|  55|0x0000000094300000, 0x00000000943fd9f8, 0x0000000094400000| 99%| S|CS|TAMS 0x0000000094300000, 0x0000000094300000| Complete 
|  56|0x0000000094400000, 0x0000000094500000, 0x0000000094500000|100%| S|CS|TAMS 0x0000000094400000, 0x0000000094400000| Complete 
|  57|0x0000000094500000, 0x0000000094500000, 0x0000000094600000|  0%| F|  |TAMS 0x0000000094500000, 0x0000000094500000| Untracked 
|  58|0x0000000094600000, 0x0000000094700000, 0x0000000094700000|100%| S|CS|TAMS 0x0000000094600000, 0x0000000094600000| Complete 
|  59|0x0000000094700000, 0x0000000094700000, 0x0000000094800000|  0%| F|  |TAMS 0x0000000094700000, 0x0000000094700000| Untracked 
|  60|0x0000000094800000, 0x0000000094800000, 0x0000000094900000|  0%| F|  |TAMS 0x0000000094800000, 0x0000000094800000| Untracked 
|  61|0x0000000094900000, 0x0000000094900000, 0x0000000094a00000|  0%| F|  |TAMS 0x0000000094900000, 0x0000000094900000| Untracked 
|  62|0x0000000094a00000, 0x0000000094a00000, 0x0000000094b00000|  0%| F|  |TAMS 0x0000000094a00000, 0x0000000094a00000| Untracked 
|  63|0x0000000094b00000, 0x0000000094b00000, 0x0000000094c00000|  0%| F|  |TAMS 0x0000000094b00000, 0x0000000094b00000| Untracked 
|  64|0x0000000094c00000, 0x0000000094c00000, 0x0000000094d00000|  0%| F|  |TAMS 0x0000000094c00000, 0x0000000094c00000| Untracked 
|  65|0x0000000094d00000, 0x0000000094d00000, 0x0000000094e00000|  0%| F|  |TAMS 0x0000000094d00000, 0x0000000094d00000| Untracked 
|  66|0x0000000094e00000, 0x0000000094e00000, 0x0000000094f00000|  0%| F|  |TAMS 0x0000000094e00000, 0x0000000094e00000| Untracked 
|  67|0x0000000094f00000, 0x0000000094f00000, 0x0000000095000000|  0%| F|  |TAMS 0x0000000094f00000, 0x0000000094f00000| Untracked 
|  68|0x0000000095000000, 0x0000000095000000, 0x0000000095100000|  0%| F|  |TAMS 0x0000000095000000, 0x0000000095000000| Untracked 
|  69|0x0000000095100000, 0x0000000095100000, 0x0000000095200000|  0%| F|  |TAMS 0x0000000095100000, 0x0000000095100000| Untracked 
|  70|0x0000000095200000, 0x0000000095200000, 0x0000000095300000|  0%| F|  |TAMS 0x0000000095200000, 0x0000000095200000| Untracked 
|  71|0x0000000095300000, 0x0000000095300000, 0x0000000095400000|  0%| F|  |TAMS 0x0000000095300000, 0x0000000095300000| Untracked 
|  72|0x0000000095400000, 0x0000000095400000, 0x0000000095500000|  0%| F|  |TAMS 0x0000000095400000, 0x0000000095400000| Untracked 
|  73|0x0000000095500000, 0x0000000095500000, 0x0000000095600000|  0%| F|  |TAMS 0x0000000095500000, 0x0000000095500000| Untracked 
|  74|0x0000000095600000, 0x0000000095600000, 0x0000000095700000|  0%| F|  |TAMS 0x0000000095600000, 0x0000000095600000| Untracked 
|  75|0x0000000095700000, 0x0000000095700000, 0x0000000095800000|  0%| F|  |TAMS 0x0000000095700000, 0x0000000095700000| Untracked 
|  76|0x0000000095800000, 0x0000000095800000, 0x0000000095900000|  0%| F|  |TAMS 0x0000000095800000, 0x0000000095800000| Untracked 
|  77|0x0000000095900000, 0x0000000095900000, 0x0000000095a00000|  0%| F|  |TAMS 0x0000000095900000, 0x0000000095900000| Untracked 
|  78|0x0000000095a00000, 0x0000000095a00000, 0x0000000095b00000|  0%| F|  |TAMS 0x0000000095a00000, 0x0000000095a00000| Untracked 
|  79|0x0000000095b00000, 0x0000000095b00000, 0x0000000095c00000|  0%| F|  |TAMS 0x0000000095b00000, 0x0000000095b00000| Untracked 
|  80|0x0000000095c00000, 0x0000000095c00000, 0x0000000095d00000|  0%| F|  |TAMS 0x0000000095c00000, 0x0000000095c00000| Untracked 
|  81|0x0000000095d00000, 0x0000000095d00000, 0x0000000095e00000|  0%| F|  |TAMS 0x0000000095d00000, 0x0000000095d00000| Untracked 
|  82|0x0000000095e00000, 0x0000000095e00000, 0x0000000095f00000|  0%| F|  |TAMS 0x0000000095e00000, 0x0000000095e00000| Untracked 
|  83|0x0000000095f00000, 0x0000000095f00000, 0x0000000096000000|  0%| F|  |TAMS 0x0000000095f00000, 0x0000000095f00000| Untracked 
|  84|0x0000000096000000, 0x0000000096000000, 0x0000000096100000|  0%| F|  |TAMS 0x0000000096000000, 0x0000000096000000| Untracked 
|  85|0x0000000096100000, 0x0000000096100000, 0x0000000096200000|  0%| F|  |TAMS 0x0000000096100000, 0x0000000096100000| Untracked 
|  86|0x0000000096200000, 0x0000000096280878, 0x0000000096300000| 50%| E|  |TAMS 0x0000000096200000, 0x0000000096200000| Complete 
|  87|0x0000000096300000, 0x0000000096400000, 0x0000000096400000|100%| E|CS|TAMS 0x0000000096300000, 0x0000000096300000| Complete 
|  88|0x0000000096400000, 0x0000000096500000, 0x0000000096500000|100%| E|CS|TAMS 0x0000000096400000, 0x0000000096400000| Complete 
|  89|0x0000000096500000, 0x0000000096600000, 0x0000000096600000|100%| E|CS|TAMS 0x0000000096500000, 0x0000000096500000| Complete 
|  90|0x0000000096600000, 0x0000000096700000, 0x0000000096700000|100%| E|CS|TAMS 0x0000000096600000, 0x0000000096600000| Complete 
|  91|0x0000000096700000, 0x0000000096800000, 0x0000000096800000|100%| E|CS|TAMS 0x0000000096700000, 0x0000000096700000| Complete 
|  92|0x0000000096800000, 0x0000000096900000, 0x0000000096900000|100%| E|CS|TAMS 0x0000000096800000, 0x0000000096800000| Complete 
|  93|0x0000000096900000, 0x0000000096a00000, 0x0000000096a00000|100%| E|CS|TAMS 0x0000000096900000, 0x0000000096900000| Complete 
|  94|0x0000000096a00000, 0x0000000096b00000, 0x0000000096b00000|100%| E|CS|TAMS 0x0000000096a00000, 0x0000000096a00000| Complete 
|  95|0x0000000096b00000, 0x0000000096c00000, 0x0000000096c00000|100%| E|CS|TAMS 0x0000000096b00000, 0x0000000096b00000| Complete 
|  96|0x0000000096c00000, 0x0000000096d00000, 0x0000000096d00000|100%| E|CS|TAMS 0x0000000096c00000, 0x0000000096c00000| Complete 
|  97|0x0000000096d00000, 0x0000000096e00000, 0x0000000096e00000|100%| E|CS|TAMS 0x0000000096d00000, 0x0000000096d00000| Complete 
|  98|0x0000000096e00000, 0x0000000096f00000, 0x0000000096f00000|100%| E|CS|TAMS 0x0000000096e00000, 0x0000000096e00000| Complete 
|  99|0x0000000096f00000, 0x0000000097000000, 0x0000000097000000|100%| E|CS|TAMS 0x0000000096f00000, 0x0000000096f00000| Complete 
| 100|0x0000000097000000, 0x0000000097100000, 0x0000000097100000|100%| E|CS|TAMS 0x0000000097000000, 0x0000000097000000| Complete 
| 101|0x0000000097100000, 0x0000000097200000, 0x0000000097200000|100%| E|CS|TAMS 0x0000000097100000, 0x0000000097100000| Complete 
| 102|0x0000000097200000, 0x0000000097300000, 0x0000000097300000|100%| E|CS|TAMS 0x0000000097200000, 0x0000000097200000| Complete 
| 103|0x0000000097300000, 0x0000000097400000, 0x0000000097400000|100%| E|CS|TAMS 0x0000000097300000, 0x0000000097300000| Complete 
| 104|0x0000000097400000, 0x0000000097500000, 0x0000000097500000|100%| E|CS|TAMS 0x0000000097400000, 0x0000000097400000| Complete 
| 105|0x0000000097500000, 0x0000000097600000, 0x0000000097600000|100%| E|CS|TAMS 0x0000000097500000, 0x0000000097500000| Complete 
| 106|0x0000000097600000, 0x0000000097700000, 0x0000000097700000|100%| E|CS|TAMS 0x0000000097600000, 0x0000000097600000| Complete 
| 107|0x0000000097700000, 0x0000000097800000, 0x0000000097800000|100%| E|CS|TAMS 0x0000000097700000, 0x0000000097700000| Complete 
| 108|0x0000000097800000, 0x0000000097900000, 0x0000000097900000|100%| E|CS|TAMS 0x0000000097800000, 0x0000000097800000| Complete 
| 109|0x0000000097900000, 0x0000000097a00000, 0x0000000097a00000|100%| E|CS|TAMS 0x0000000097900000, 0x0000000097900000| Complete 
| 110|0x0000000097a00000, 0x0000000097b00000, 0x0000000097b00000|100%| E|CS|TAMS 0x0000000097a00000, 0x0000000097a00000| Complete 
| 111|0x0000000097b00000, 0x0000000097c00000, 0x0000000097c00000|100%| E|CS|TAMS 0x0000000097b00000, 0x0000000097b00000| Complete 
| 112|0x0000000097c00000, 0x0000000097d00000, 0x0000000097d00000|100%| E|CS|TAMS 0x0000000097c00000, 0x0000000097c00000| Complete 
| 113|0x0000000097d00000, 0x0000000097e00000, 0x0000000097e00000|100%| E|CS|TAMS 0x0000000097d00000, 0x0000000097d00000| Complete 
| 114|0x0000000097e00000, 0x0000000097f00000, 0x0000000097f00000|100%| E|CS|TAMS 0x0000000097e00000, 0x0000000097e00000| Complete 
| 115|0x0000000097f00000, 0x0000000098000000, 0x0000000098000000|100%| E|CS|TAMS 0x0000000097f00000, 0x0000000097f00000| Complete 
| 116|0x0000000098000000, 0x0000000098100000, 0x0000000098100000|100%| E|CS|TAMS 0x0000000098000000, 0x0000000098000000| Complete 
| 117|0x0000000098100000, 0x0000000098200000, 0x0000000098200000|100%| E|CS|TAMS 0x0000000098100000, 0x0000000098100000| Complete 
| 118|0x0000000098200000, 0x0000000098300000, 0x0000000098300000|100%| E|CS|TAMS 0x0000000098200000, 0x0000000098200000| Complete 
| 119|0x0000000098300000, 0x0000000098400000, 0x0000000098400000|100%| E|CS|TAMS 0x0000000098300000, 0x0000000098300000| Complete 

Card table byte_map: [0x0000029122a00000,0x0000029122d80000] _byte_map_base: 0x000002912257a000

Marking Bits (Prev, Next): (CMBitMap*) 0x00000291156981d0, (CMBitMap*) 0x0000029115698210
 Prev Bits: [0x0000029123100000, 0x0000029124cd0000)
 Next Bits: [0x0000029124cd0000, 0x00000291268a0000)

Polling page: 0x0000029115700000

Metaspace:

Usage:
  Non-class:     57.99 MB used.
      Class:      8.91 MB used.
       Both:     66.90 MB used.

Virtual space:
  Non-class space:       64.00 MB reserved,      58.38 MB ( 91%) committed,  1 nodes.
      Class space:        1.00 GB reserved,       9.25 MB ( <1%) committed,  1 nodes.
             Both:        1.06 GB reserved,      67.62 MB (  6%) committed. 

Chunk freelists:
   Non-Class:  1.20 MB
       Class:  2.69 MB
        Both:  3.89 MB

MaxMetaspaceSize: unlimited
CompressedClassSpaceSize: 1.00 GB
Initial GC threshold: 21.00 MB
Current GC threshold: 108.44 MB
CDS: on
MetaspaceReclaimPolicy: balanced
 - commit_granule_bytes: 65536.
 - commit_granule_words: 8192.
 - virtual_space_node_default_size: 8388608.
 - enlarge_chunks_in_place: 1.
 - new_chunks_are_fully_committed: 0.
 - uncommit_free_chunks: 1.
 - use_allocation_guard: 0.


Internal statistics:

num_allocs_failed_limit: 9.
num_arena_births: 1612.
num_arena_deaths: 658.
num_vsnodes_births: 2.
num_vsnodes_deaths: 0.
num_space_committed: 1122.
num_space_uncommitted: 27.
num_chunks_returned_to_freelist: 1252.
num_chunks_taken_from_freelist: 4977.
num_chunk_merges: 223.
num_chunk_splits: 2996.
num_chunks_enlarged: 2383.
num_inconsistent_stats: 0.

CodeCache: size=49152Kb used=22568Kb max_used=23526Kb free=26584Kb
 bounds [0x000002911eda0000, 0x00000291204a0000, 0x0000029121da0000]
 total_blobs=13323 nmethods=12658 adapters=588
 compilation: enabled
              stopped_count=0, restarted_count=0
 full_count=0

Compilation events (20 events):
Event: 487.859 Thread 0x0000029129354130 12782       1       java.util.Comparator::lambda$comparingLong$6043328a$1 (18 bytes)
Event: 487.859 Thread 0x0000029129354130 nmethod 12782 0x0000029120276b10 code [0x0000029120276cc0, 0x0000029120276e58]
Event: 497.864 Thread 0x0000029129354130 12783       1       org.apache.catalina.core.ContainerBase::getBackgroundProcessorDelay (5 bytes)
Event: 497.864 Thread 0x0000029129354130 nmethod 12783 0x0000029120276810 code [0x00000291202769a0, 0x0000029120276a58]
Event: 497.864 Thread 0x0000029129354130 12784       1       org.apache.catalina.valves.ValveBase::backgroundProcess (1 bytes)
Event: 497.864 Thread 0x0000029129354130 nmethod 12784 0x0000029120276510 code [0x00000291202766a0, 0x0000029120276758]
Event: 517.875 Thread 0x0000029129354130 12785   !   1       org.apache.catalina.core.StandardContext::getLoader (38 bytes)
Event: 517.876 Thread 0x0000029129354130 nmethod 12785 0x0000029120275d90 code [0x0000029120275f80, 0x0000029120276278]
Event: 617.944 Thread 0x0000029129354130 12786       1       org.apache.catalina.core.StandardPipeline::getFirst (17 bytes)
Event: 617.944 Thread 0x0000029129354130 nmethod 12786 0x0000029120275a90 code [0x0000029120275c20, 0x0000029120275d18]
Event: 708.023 Thread 0x0000029129354130 12788   !   1       org.apache.catalina.core.ContainerBase::backgroundProcess (168 bytes)
Event: 708.024 Thread 0x0000029129354130 nmethod 12788 0x0000029120274890 code [0x0000029120274b20, 0x00000291202754b8]
Event: 708.024 Thread 0x0000029129354130 12787   !   1       org.apache.catalina.core.ContainerBase$ContainerBackgroundProcessor::processChildren (202 bytes)
Event: 708.025 Thread 0x0000029129354130 nmethod 12787 0x0000029120272e10 code [0x0000029120273100, 0x0000029120273f28]
Event: 796.368 Thread 0x0000029129354130 12789  s!   1       org.apache.catalina.util.LifecycleBase::stop (347 bytes)
Event: 796.371 Thread 0x0000029129354130 nmethod 12789 0x0000029120271210 code [0x0000029120271560, 0x00000291202725c8]
Event: 796.379 Thread 0x0000029129354130 12790       1       java.util.ArrayList$ListItr::previous (59 bytes)
Event: 796.379 Thread 0x0000029129354130 nmethod 12790 0x0000029120270b10 code [0x0000029120270ce0, 0x0000029120270fe8]
Event: 796.380 Thread 0x0000029129354130 12791   !   1       java.util.concurrent.ThreadPoolExecutor::tryTerminate (177 bytes)
Event: 796.383 Thread 0x0000029129354130 nmethod 12791 0x000002912026ed90 code [0x000002912026f120, 0x000002912026fe68]

GC Heap History (20 events):
Event: 393.864 GC heap after
{Heap after GC invocations=61 (full 8):
 garbage-first heap   total 102400K, used 32482K [0x0000000090c00000, 0x0000000100000000)
  region size 1024K, 4 young (4096K), 4 survivors (4096K)
 Metaspace       used 66330K, committed 67072K, reserved 1114112K
  class space    used 8920K, committed 9280K, reserved 1048576K
}
Event: 397.154 GC heap before
{Heap before GC invocations=61 (full 8):
 garbage-first heap   total 102400K, used 80610K [0x0000000090c00000, 0x0000000100000000)
  region size 1024K, 52 young (53248K), 4 survivors (4096K)
 Metaspace       used 66823K, committed 67584K, reserved 1114112K
  class space    used 8975K, committed 9344K, reserved 1048576K
}
Event: 397.161 GC heap after
{Heap after GC invocations=62 (full 8):
 garbage-first heap   total 102400K, used 34780K [0x0000000090c00000, 0x0000000100000000)
  region size 1024K, 6 young (6144K), 6 survivors (6144K)
 Metaspace       used 66823K, committed 67584K, reserved 1114112K
  class space    used 8975K, committed 9344K, reserved 1048576K
}
Event: 397.856 GC heap before
{Heap before GC invocations=62 (full 8):
 garbage-first heap   total 102400K, used 80860K [0x0000000090c00000, 0x0000000100000000)
  region size 1024K, 51 young (52224K), 6 survivors (6144K)
 Metaspace       used 67165K, committed 67968K, reserved 1114112K
  class space    used 9004K, committed 9408K, reserved 1048576K
}
Event: 397.864 GC heap after
{Heap after GC invocations=63 (full 8):
 garbage-first heap   total 102400K, used 37925K [0x0000000090c00000, 0x0000000100000000)
  region size 1024K, 7 young (7168K), 7 survivors (7168K)
 Metaspace       used 67165K, committed 67968K, reserved 1114112K
  class space    used 9004K, committed 9408K, reserved 1048576K
}
Event: 398.188 GC heap before
{Heap before GC invocations=63 (full 8):
 garbage-first heap   total 102400K, used 80933K [0x0000000090c00000, 0x0000000100000000)
  region size 1024K, 49 young (50176K), 7 survivors (7168K)
 Metaspace       used 67443K, committed 68224K, reserved 1114112K
  class space    used 9018K, committed 9408K, reserved 1048576K
}
Event: 398.195 GC heap after
{Heap after GC invocations=64 (full 8):
 garbage-first heap   total 102400K, used 39516K [0x0000000090c00000, 0x0000000100000000)
  region size 1024K, 5 young (5120K), 5 survivors (5120K)
 Metaspace       used 67443K, committed 68224K, reserved 1114112K
  class space    used 9018K, committed 9408K, reserved 1048576K
}
Event: 398.573 GC heap before
{Heap before GC invocations=64 (full 8):
 garbage-first heap   total 102400K, used 81500K [0x0000000090c00000, 0x0000000100000000)
  region size 1024K, 46 young (47104K), 5 survivors (5120K)
 Metaspace       used 67760K, committed 68544K, reserved 1114112K
  class space    used 9036K, committed 9408K, reserved 1048576K
}
Event: 398.578 GC heap after
{Heap after GC invocations=65 (full 8):
 garbage-first heap   total 102400K, used 41128K [0x0000000090c00000, 0x0000000100000000)
  region size 1024K, 4 young (4096K), 4 survivors (4096K)
 Metaspace       used 67760K, committed 68544K, reserved 1114112K
  class space    used 9036K, committed 9408K, reserved 1048576K
}
Event: 424.315 GC heap before
{Heap before GC invocations=65 (full 8):
 garbage-first heap   total 102400K, used 81064K [0x0000000090c00000, 0x0000000100000000)
  region size 1024K, 44 young (45056K), 4 survivors (4096K)
 Metaspace       used 68507K, committed 69248K, reserved 1114112K
  class space    used 9123K, committed 9472K, reserved 1048576K
}
Event: 424.319 GC heap after
{Heap after GC invocations=66 (full 8):
 garbage-first heap   total 122880K, used 42532K [0x0000000090c00000, 0x0000000100000000)
  region size 1024K, 5 young (5120K), 5 survivors (5120K)
 Metaspace       used 68507K, committed 69248K, reserved 1114112K
  class space    used 9123K, committed 9472K, reserved 1048576K
}
Event: 502.878 GC heap before
{Heap before GC invocations=66 (full 8):
 garbage-first heap   total 122880K, used 97828K [0x0000000090c00000, 0x0000000100000000)
  region size 1024K, 59 young (60416K), 5 survivors (5120K)
 Metaspace       used 68507K, committed 69248K, reserved 1114112K
  class space    used 9123K, committed 9472K, reserved 1048576K
}
Event: 502.882 GC heap after
{Heap after GC invocations=67 (full 8):
 garbage-first heap   total 122880K, used 42596K [0x0000000090c00000, 0x0000000100000000)
  region size 1024K, 4 young (4096K), 4 survivors (4096K)
 Metaspace       used 68507K, committed 69248K, reserved 1114112K
  class space    used 9123K, committed 9472K, reserved 1048576K
}
Event: 583.642 GC heap before
{Heap before GC invocations=67 (full 8):
 garbage-first heap   total 122880K, used 98916K [0x0000000090c00000, 0x0000000100000000)
  region size 1024K, 59 young (60416K), 4 survivors (4096K)
 Metaspace       used 68507K, committed 69248K, reserved 1114112K
  class space    used 9123K, committed 9472K, reserved 1048576K
}
Event: 583.645 GC heap after
{Heap after GC invocations=68 (full 8):
 garbage-first heap   total 122880K, used 42159K [0x0000000090c00000, 0x0000000100000000)
  region size 1024K, 3 young (3072K), 3 survivors (3072K)
 Metaspace       used 68507K, committed 69248K, reserved 1114112K
  class space    used 9123K, committed 9472K, reserved 1048576K
}
Event: 666.573 GC heap before
{Heap before GC invocations=68 (full 8):
 garbage-first heap   total 122880K, used 100527K [0x0000000090c00000, 0x0000000100000000)
  region size 1024K, 60 young (61440K), 3 survivors (3072K)
 Metaspace       used 68507K, committed 69248K, reserved 1114112K
  class space    used 9123K, committed 9472K, reserved 1048576K
}
Event: 666.576 GC heap after
{Heap after GC invocations=69 (full 8):
 garbage-first heap   total 122880K, used 42066K [0x0000000090c00000, 0x0000000100000000)
  region size 1024K, 3 young (3072K), 3 survivors (3072K)
 Metaspace       used 68507K, committed 69248K, reserved 1114112K
  class space    used 9123K, committed 9472K, reserved 1048576K
}
Event: 752.384 GC heap before
{Heap before GC invocations=69 (full 8):
 garbage-first heap   total 122880K, used 102482K [0x0000000090c00000, 0x0000000100000000)
  region size 1024K, 62 young (63488K), 3 survivors (3072K)
 Metaspace       used 68507K, committed 69248K, reserved 1114112K
  class space    used 9123K, committed 9472K, reserved 1048576K
}
Event: 752.389 GC heap after
{Heap after GC invocations=70 (full 8):
 garbage-first heap   total 122880K, used 42180K [0x0000000090c00000, 0x0000000100000000)
  region size 1024K, 3 young (3072K), 3 survivors (3072K)
 Metaspace       used 68507K, committed 69248K, reserved 1114112K
  class space    used 9123K, committed 9472K, reserved 1048576K
}
Event: 796.383 GC heap before
{Heap before GC invocations=70 (full 8):
 garbage-first heap   total 122880K, used 75972K [0x0000000090c00000, 0x0000000100000000)
  region size 1024K, 37 young (37888K), 3 survivors (3072K)
 Metaspace       used 68509K, committed 69248K, reserved 1114112K
  class space    used 9123K, committed 9472K, reserved 1048576K
}

Dll operation events (14 events):
Event: 0.397 Loaded shared library D:\JDK\bin\java.dll
Event: 0.406 Loaded shared library D:\JDK\bin\jsvml.dll
Event: 0.693 Loaded shared library D:\JDK\bin\zip.dll
Event: 0.743 Loaded shared library D:\JDK\bin\instrument.dll
Event: 0.756 Loaded shared library D:\JDK\bin\net.dll
Event: 0.760 Loaded shared library D:\JDK\bin\nio.dll
Event: 0.765 Loaded shared library D:\JDK\bin\zip.dll
Event: 1.120 Loaded shared library D:\IntelliJ IDEA\IntelliJ IDEA 2021.2.2\bin\breakgen64.dll
Event: 1.230 Loaded shared library D:\JDK\bin\extnet.dll
Event: 1.231 Loaded shared library D:\JDK\bin\jimage.dll
Event: 1.312 Loaded shared library D:\JDK\bin\management.dll
Event: 1.359 Loaded shared library D:\JDK\bin\management_ext.dll
Event: 2.021 Loaded shared library D:\JDK\bin\verify.dll
Event: 7.287 Loaded shared library D:\JDK\bin\sunmscapi.dll

Deoptimization events (16 events):
Event: 1.707 Thread 0x0000029115643ee0 DEOPT PACKING pc=0x000002911f0453d5 sp=0x000000fb7f5fd290
Event: 1.707 Thread 0x0000029115643ee0 DEOPT UNPACKING pc=0x000002911ee07543 sp=0x000000fb7f5fc740 mode 3
Event: 1.726 Thread 0x0000029115643ee0 DEOPT PACKING pc=0x000002911f1779d0 sp=0x000000fb7f5fd260
Event: 1.726 Thread 0x0000029115643ee0 DEOPT UNPACKING pc=0x000002911ee07543 sp=0x000000fb7f5fc718 mode 3
Event: 3.367 Thread 0x000002912da63f60 DEOPT PACKING pc=0x000002911f389bb9 sp=0x000000fb014fd2d0
Event: 3.367 Thread 0x000002912da63f60 DEOPT UNPACKING pc=0x000002911ee07543 sp=0x000000fb014fc7b0 mode 3
Event: 6.203 Thread 0x000002912da63f60 DEOPT PACKING pc=0x000002911f3b0924 sp=0x000000fb014fd7d0
Event: 6.203 Thread 0x000002912da63f60 DEOPT UNPACKING pc=0x000002911ee07543 sp=0x000000fb014fcd28 mode 0
Event: 8.803 Thread 0x000002912da63f60 DEOPT PACKING pc=0x000002911f702a9d sp=0x000000fb014f6d60
Event: 8.803 Thread 0x000002912da63f60 DEOPT UNPACKING pc=0x000002911ee07543 sp=0x000000fb014f62c8 mode 3
Event: 12.503 Thread 0x000002912da63f60 DEOPT PACKING pc=0x000002911f3a443a sp=0x000000fb014fcb60
Event: 12.503 Thread 0x000002912da63f60 DEOPT UNPACKING pc=0x000002911ee07543 sp=0x000000fb014fc068 mode 3
Event: 13.640 Thread 0x000002912da63f60 DEOPT PACKING pc=0x000002911fa25539 sp=0x000000fb014fc790
Event: 13.640 Thread 0x000002912da63f60 DEOPT UNPACKING pc=0x000002911ee07543 sp=0x000000fb014fbc70 mode 3
Event: 107.115 Thread 0x000002912fc52750 DEOPT PACKING pc=0x000002911ff23e25 sp=0x000000fb013f9710
Event: 107.115 Thread 0x000002912fc52750 DEOPT UNPACKING pc=0x000002911ee07543 sp=0x000000fb013f8c18 mode 3

Classes loaded (20 events):
Event: 413.435 Loading class java/net/URL$1
Event: 413.435 Loading class java/net/URL$1 done
Event: 413.435 Loading class java/net/spi/URLStreamHandlerProvider
Event: 413.435 Loading class java/net/spi/URLStreamHandlerProvider done
Event: 413.436 Loading class sun/net/www/protocol/http/Handler
Event: 413.436 Loading class sun/net/www/protocol/http/Handler done
Event: 413.438 Loading class javax/crypto/JceSecurity$IdentityWrapper
Event: 413.438 Loading class javax/crypto/JceSecurity$IdentityWrapper done
Event: 413.438 Loading class javax/crypto/JceSecurity$2
Event: 413.438 Loading class javax/crypto/JceSecurity$2 done
Event: 413.438 Loading class javax/crypto/ProviderVerifier
Event: 413.439 Loading class javax/crypto/ProviderVerifier done
Event: 413.439 Loading class javax/crypto/ProviderVerifier$1
Event: 413.439 Loading class javax/crypto/ProviderVerifier$1 done
Event: 413.440 Loading class com/sun/crypto/provider/HmacCore$HmacSHA256
Event: 413.459 Loading class com/sun/crypto/provider/HmacCore
Event: 413.459 Loading class javax/crypto/MacSpi
Event: 413.459 Loading class javax/crypto/MacSpi done
Event: 413.459 Loading class com/sun/crypto/provider/HmacCore done
Event: 413.459 Loading class com/sun/crypto/provider/HmacCore$HmacSHA256 done

Classes unloaded (20 events):
Event: 336.967 Thread 0x0000029129333e30 Unloading class 0x0000000801819400 'java/lang/invoke/LambdaForm$MH+0x0000000801819400'
Event: 336.967 Thread 0x0000029129333e30 Unloading class 0x0000000801819000 'java/lang/invoke/LambdaForm$MH+0x0000000801819000'
Event: 336.967 Thread 0x0000029129333e30 Unloading class 0x0000000801832800 'java/lang/invoke/LambdaForm$MH+0x0000000801832800'
Event: 336.967 Thread 0x0000029129333e30 Unloading class 0x0000000801831800 'java/lang/invoke/LambdaForm$MH+0x0000000801831800'
Event: 336.967 Thread 0x0000029129333e30 Unloading class 0x0000000801830400 'java/lang/invoke/LambdaForm$MH+0x0000000801830400'
Event: 336.967 Thread 0x0000029129333e30 Unloading class 0x000000080182a800 'java/lang/invoke/LambdaForm$MH+0x000000080182a800'
Event: 336.967 Thread 0x0000029129333e30 Unloading class 0x000000080182a400 'java/lang/invoke/LambdaForm$MH+0x000000080182a400'
Event: 336.967 Thread 0x0000029129333e30 Unloading class 0x000000080182a000 'java/lang/invoke/LambdaForm$MH+0x000000080182a000'
Event: 336.967 Thread 0x0000029129333e30 Unloading class 0x0000000801101000 'java/lang/invoke/LambdaForm$MH+0x0000000801101000'
Event: 336.967 Thread 0x0000029129333e30 Unloading class 0x00000008015ed000 'java/lang/invoke/LambdaForm$MH+0x00000008015ed000'
Event: 336.967 Thread 0x0000029129333e30 Unloading class 0x0000000801824800 'java/lang/invoke/LambdaForm$MH+0x0000000801824800'
Event: 336.967 Thread 0x0000029129333e30 Unloading class 0x0000000801100400 'java/lang/invoke/LambdaForm$MH+0x0000000801100400'
Event: 336.967 Thread 0x0000029129333e30 Unloading class 0x0000000801304000 'java/lang/invoke/LambdaForm$MH+0x0000000801304000'
Event: 336.967 Thread 0x0000029129333e30 Unloading class 0x00000008013a4000 'java/lang/invoke/LambdaForm$MH+0x00000008013a4000'
Event: 336.967 Thread 0x0000029129333e30 Unloading class 0x00000008013a5000 'java/lang/invoke/LambdaForm$MH+0x00000008013a5000'
Event: 336.967 Thread 0x0000029129333e30 Unloading class 0x0000000801669800 'java/lang/invoke/LambdaForm$MH+0x0000000801669800'
Event: 336.967 Thread 0x0000029129333e30 Unloading class 0x0000000801375800 'java/lang/invoke/LambdaForm$MH+0x0000000801375800'
Event: 344.589 Thread 0x0000029129333e30 Unloading class 0x000000080180b800 'org/apache/catalina/loader/JdbcLeakPrevention'
Event: 344.589 Thread 0x0000029129333e30 Unloading class 0x00000008018dac00 'org/apache/catalina/loader/JdbcLeakPrevention'
Event: 389.011 Thread 0x0000029129333e30 Unloading class 0x000000080189c400 'org/apache/catalina/loader/JdbcLeakPrevention'

Classes redefined (0 events):
No events

Internal exceptions (20 events):
Event: 397.743 Thread 0x000002912fc4fcd0 Exception <a 'java/lang/ClassNotFoundException'{0x0000000094f3b0f8}: com/group12/bookinghomestay/admin/model/ImageCustomizer> (0x0000000094f3b0f8) 
thrown [s\open\src\hotspot\share\classfile\systemDictionary.cpp, line 255]
Event: 397.787 Thread 0x000002912fc4fcd0 Exception <a 'java/io/FileNotFoundException'{0x0000000094a5f1b8}> (0x0000000094a5f1b8) 
thrown [s\open\src\hotspot\share\prims\jni.cpp, line 517]
Event: 397.798 Thread 0x000002912fc4fcd0 Exception <a 'java/lang/ClassNotFoundException'{0x000000009490f500}: java/lang/ObjectCustomizer> (0x000000009490f500) 
thrown [s\open\src\hotspot\share\classfile\systemDictionary.cpp, line 255]
Event: 397.798 Thread 0x000002912fc4fcd0 Exception <a 'java/lang/ClassNotFoundException'{0x0000000094918ca8}: com/group12/bookinghomestay/admin/model/BookingCustomizer> (0x0000000094918ca8) 
thrown [s\open\src\hotspot\share\classfile\systemDictionary.cpp, line 255]
Event: 397.800 Thread 0x000002912fc4fcd0 Exception <a 'java/lang/ClassNotFoundException'{0x0000000094945bf8}: java/lang/ObjectCustomizer> (0x0000000094945bf8) 
thrown [s\open\src\hotspot\share\classfile\systemDictionary.cpp, line 255]
Event: 397.800 Thread 0x000002912fc4fcd0 Exception <a 'java/lang/ClassNotFoundException'{0x000000009494f3c0}: com/group12/bookinghomestay/admin/model/CustomerCustomizer> (0x000000009494f3c0) 
thrown [s\open\src\hotspot\share\classfile\systemDictionary.cpp, line 255]
Event: 397.888 Thread 0x000002912fc4fcd0 Exception <a 'java/io/FileNotFoundException'{0x0000000096c33728}> (0x0000000096c33728) 
thrown [s\open\src\hotspot\share\prims\jni.cpp, line 517]
Event: 397.888 Thread 0x000002912fc4fcd0 Exception <a 'java/io/FileNotFoundException'{0x0000000096c343f0}> (0x0000000096c343f0) 
thrown [s\open\src\hotspot\share\prims\jni.cpp, line 517]
Event: 398.130 Thread 0x000002912fc4fcd0 Exception <a 'java/lang/ClassNotFoundException'{0x0000000094d17968}: java/lang/ObjectCustomizer> (0x0000000094d17968) 
thrown [s\open\src\hotspot\share\classfile\systemDictionary.cpp, line 255]
Event: 398.130 Thread 0x000002912fc4fcd0 Exception <a 'java/lang/ClassNotFoundException'{0x0000000094d210a0}: com/group12/bookinghomestay/admin/model/ReportCustomizer> (0x0000000094d210a0) 
thrown [s\open\src\hotspot\share\classfile\systemDictionary.cpp, line 255]
Event: 398.218 Thread 0x000002912fc4fcd0 Exception <a 'java/lang/ClassNotFoundException'{0x0000000096fda4f0}: java/lang/ObjectCustomizer> (0x0000000096fda4f0) 
thrown [s\open\src\hotspot\share\classfile\systemDictionary.cpp, line 255]
Event: 398.219 Thread 0x000002912fc4fcd0 Exception <a 'java/lang/ClassNotFoundException'{0x0000000096fe3c98}: com/group12/bookinghomestay/admin/model/VoucherCustomizer> (0x0000000096fe3c98) 
thrown [s\open\src\hotspot\share\classfile\systemDictionary.cpp, line 255]
Event: 398.365 Thread 0x000002912fc4fcd0 Exception <a 'java/lang/ClassNotFoundException'{0x00000000961abf10}: java/lang/ObjectCustomizer> (0x00000000961abf10) 
thrown [s\open\src\hotspot\share\classfile\systemDictionary.cpp, line 255]
Event: 398.366 Thread 0x000002912fc4fcd0 Exception <a 'java/lang/ClassNotFoundException'{0x00000000961b5648}: com/group12/bookinghomestay/client/model/CartCustomizer> (0x00000000961b5648) 
thrown [s\open\src\hotspot\share\classfile\systemDictionary.cpp, line 255]
Event: 398.407 Thread 0x000002912fc4fcd0 Exception <a 'sun/nio/fs/WindowsException'{0x0000000095c106d0}> (0x0000000095c106d0) 
thrown [s\open\src\hotspot\share\prims\jni.cpp, line 517]
Event: 398.771 Thread 0x000002912fc4fcd0 Exception <a 'java/lang/ClassNotFoundException'{0x00000000966f7fe0}: java/lang/ObjectCustomizer> (0x00000000966f7fe0) 
thrown [s\open\src\hotspot\share\classfile\systemDictionary.cpp, line 255]
Event: 398.773 Thread 0x000002912fc4fcd0 Exception <a 'java/lang/ClassNotFoundException'{0x0000000096500cb8}: com/group12/bookinghomestay/admin/model/HotelFacilityCustomizer> (0x0000000096500cb8) 
thrown [s\open\src\hotspot\share\classfile\systemDictionary.cpp, line 255]
Event: 413.258 Thread 0x000002912fc4cd00 Exception <a 'java/lang/NoSuchMethodError'{0x000000009513b4a8}: 'java.lang.Object java.lang.invoke.DirectMethodHandle$Holder.invokeStaticInit(java.lang.Object, java.lang.Object, java.lang.Object, java.lang.Object, java.lang.Object, java.lang.Object)'> (0x000000009513b4a8) 
thrown [s\open\src\hotspot\share\interpreter\linkResolver.cpp, line 774]
Event: 413.404 Thread 0x000002912fc4cd00 Exception <a 'sun/nio/fs/WindowsException'{0x0000000094f84b50}> (0x0000000094f84b50) 
thrown [s\open\src\hotspot\share\prims\jni.cpp, line 517]
Event: 796.369 Thread 0x000002912fc51760 Exception <a 'java/lang/InterruptedException'{0x000000009632a118}: sleep interrupted> (0x000000009632a118) 
thrown [s\open\src\hotspot\share\prims\jvm.cpp, line 3103]

VM Operations (20 events):
Event: 413.438 Executing VM operation: HandshakeAllThreads done
Event: 414.444 Executing VM operation: Cleanup
Event: 414.444 Executing VM operation: Cleanup done
Event: 424.314 Executing VM operation: G1CollectForAllocation
Event: 424.319 Executing VM operation: G1CollectForAllocation done
Event: 458.606 Executing VM operation: Cleanup
Event: 458.606 Executing VM operation: Cleanup done
Event: 498.003 Executing VM operation: Cleanup
Event: 498.003 Executing VM operation: Cleanup done
Event: 502.878 Executing VM operation: G1CollectForAllocation
Event: 502.882 Executing VM operation: G1CollectForAllocation done
Event: 583.642 Executing VM operation: G1CollectForAllocation
Event: 583.645 Executing VM operation: G1CollectForAllocation done
Event: 666.573 Executing VM operation: G1CollectForAllocation
Event: 666.576 Executing VM operation: G1CollectForAllocation done
Event: 718.047 Executing VM operation: Cleanup
Event: 718.047 Executing VM operation: Cleanup done
Event: 752.383 Executing VM operation: G1CollectForAllocation
Event: 752.389 Executing VM operation: G1CollectForAllocation done
Event: 796.383 Executing VM operation: G1CollectFull

Events (20 events):
Event: 796.328 Thread 0x000002912ed3a2a0 Thread added: 0x000002912ed3a2a0
Event: 796.328 Thread 0x000002912fc4f230 Thread exited: 0x000002912fc4f230
Event: 796.363 Thread 0x000002912ed37d70 Thread exited: 0x000002912ed37d70
Event: 796.368 Thread 0x000002912ed3a7f0 Thread exited: 0x000002912ed3a7f0
Event: 796.368 Thread 0x000002912fc4d250 Thread exited: 0x000002912fc4d250
Event: 796.368 Thread 0x000002912fc52200 Thread exited: 0x000002912fc52200
Event: 796.368 Thread 0x000002912fc4c260 Thread exited: 0x000002912fc4c260
Event: 796.368 Thread 0x000002912fc4cd00 Thread exited: 0x000002912fc4cd00
Event: 796.368 Thread 0x000002912fc4ad20 Thread exited: 0x000002912fc4ad20
Event: 796.368 Thread 0x000002912ed39d50 Thread exited: 0x000002912ed39d50
Event: 796.368 Thread 0x000002912fc4c7b0 Thread exited: 0x000002912fc4c7b0
Event: 796.368 Thread 0x000002912fc4bd10 Thread exited: 0x000002912fc4bd10
Event: 796.368 Thread 0x000002912fc4b270 Thread exited: 0x000002912fc4b270
Event: 796.368 Thread 0x000002912fc52750 Thread exited: 0x000002912fc52750
Event: 796.369 Thread 0x000002912fc51760 Thread exited: 0x000002912fc51760
Event: 796.369 Thread 0x000002912fc4ece0 Thread exited: 0x000002912fc4ece0
Event: 796.369 Thread 0x000002912fc51210 Thread exited: 0x000002912fc51210
Event: 796.380 Thread 0x000002912ed3a7f0 Thread added: 0x000002912ed3a7f0
Event: 796.380 Thread 0x000002912fc51cb0 Thread exited: 0x000002912fc51cb0
Event: 796.382 Thread 0x000002912ed3a7f0 Thread exited: 0x000002912ed3a7f0


Dynamic libraries:
0x00007ff71daf0000 - 0x00007ff71db00000 	D:\JDK\bin\java.exe
0x00007ffdf3e50000 - 0x00007ffdf4048000 	C:\WINDOWS\SYSTEM32\ntdll.dll
0x00007ffdf2e20000 - 0x00007ffdf2edf000 	C:\WINDOWS\System32\KERNEL32.DLL
0x00007ffdf1540000 - 0x00007ffdf1812000 	C:\WINDOWS\System32\KERNELBASE.dll
0x00007ffdf1820000 - 0x00007ffdf1920000 	C:\WINDOWS\System32\ucrtbase.dll
0x00007ffde3240000 - 0x00007ffde3258000 	D:\JDK\bin\jli.dll
0x00007ffde4200000 - 0x00007ffde421b000 	D:\JDK\bin\VCRUNTIME140.dll
0x00007ffdf1e90000 - 0x00007ffdf1f3e000 	C:\WINDOWS\System32\ADVAPI32.dll
0x00007ffdf3180000 - 0x00007ffdf321e000 	C:\WINDOWS\System32\msvcrt.dll
0x00007ffdf2ef0000 - 0x00007ffdf2f8c000 	C:\WINDOWS\System32\sechost.dll
0x00007ffdf2f90000 - 0x00007ffdf30b5000 	C:\WINDOWS\System32\RPCRT4.dll
0x00007ffdf1fa0000 - 0x00007ffdf2141000 	C:\WINDOWS\System32\USER32.dll
0x00007ffde0d20000 - 0x00007ffde0fba000 	C:\WINDOWS\WinSxS\amd64_microsoft.windows.common-controls_6595b64144ccf1df_6.0.19041.1110_none_60b5254171f9507e\COMCTL32.dll
0x00007ffdf1c90000 - 0x00007ffdf1cb2000 	C:\WINDOWS\System32\win32u.dll
0x00007ffdf3c60000 - 0x00007ffdf3c8b000 	C:\WINDOWS\System32\GDI32.dll
0x00007ffdf1a90000 - 0x00007ffdf1b9f000 	C:\WINDOWS\System32\gdi32full.dll
0x00007ffdea880000 - 0x00007ffdea88a000 	C:\WINDOWS\SYSTEM32\VERSION.dll
0x00007ffdf1bf0000 - 0x00007ffdf1c8d000 	C:\WINDOWS\System32\msvcp_win.dll
0x00007ffdf2990000 - 0x00007ffdf29c2000 	C:\WINDOWS\System32\IMM32.DLL
0x00007ffde70f0000 - 0x00007ffde70fc000 	D:\JDK\bin\vcruntime140_1.dll
0x00007ffdb5300000 - 0x00007ffdb538e000 	D:\JDK\bin\msvcp140.dll
0x00007ffdafc60000 - 0x00007ffdb0920000 	D:\JDK\bin\server\jvm.dll
0x00007ffded410000 - 0x00007ffded419000 	C:\WINDOWS\SYSTEM32\WSOCK32.dll
0x00007ffdea270000 - 0x00007ffdea297000 	C:\WINDOWS\SYSTEM32\WINMM.dll
0x00007ffdf37c0000 - 0x00007ffdf382b000 	C:\WINDOWS\System32\WS2_32.dll
0x00007ffdef3c0000 - 0x00007ffdef3d2000 	C:\WINDOWS\SYSTEM32\kernel.appcore.dll
0x00007ffde6f60000 - 0x00007ffde6f6a000 	D:\JDK\bin\jimage.dll
0x00007ffde2590000 - 0x00007ffde2774000 	C:\WINDOWS\SYSTEM32\DBGHELP.DLL
0x00007ffdda740000 - 0x00007ffdda775000 	C:\WINDOWS\SYSTEM32\dbgcore.DLL
0x00007ffdf19d0000 - 0x00007ffdf1a52000 	C:\WINDOWS\System32\bcryptPrimitives.dll
0x00007ffde4240000 - 0x00007ffde424e000 	D:\JDK\bin\instrument.dll
0x00007ffdc8710000 - 0x00007ffdc8736000 	D:\JDK\bin\java.dll
0x00007ffdb5220000 - 0x00007ffdb52f7000 	D:\JDK\bin\jsvml.dll
0x00007ffdf2150000 - 0x00007ffdf2895000 	C:\WINDOWS\System32\SHELL32.dll
0x00007ffdef5c0000 - 0x00007ffdefd52000 	C:\WINDOWS\SYSTEM32\windows.storage.dll
0x00007ffdf2aa0000 - 0x00007ffdf2df5000 	C:\WINDOWS\System32\combase.dll
0x00007ffdf0f30000 - 0x00007ffdf0f60000 	C:\WINDOWS\SYSTEM32\Wldp.dll
0x00007ffdf38b0000 - 0x00007ffdf395d000 	C:\WINDOWS\System32\SHCORE.dll
0x00007ffdf39f0000 - 0x00007ffdf3a45000 	C:\WINDOWS\System32\shlwapi.dll
0x00007ffdf1480000 - 0x00007ffdf149f000 	C:\WINDOWS\SYSTEM32\profapi.dll
0x00007ffde24b0000 - 0x00007ffde24c8000 	D:\JDK\bin\zip.dll
0x00007ffde7150000 - 0x00007ffde7163000 	D:\JDK\bin\net.dll
0x00007ffde9a10000 - 0x00007ffde9b1c000 	C:\WINDOWS\SYSTEM32\WINHTTP.dll
0x00007ffdf0c50000 - 0x00007ffdf0cba000 	C:\WINDOWS\system32\mswsock.dll
0x00007ffde3990000 - 0x00007ffde39a6000 	D:\JDK\bin\nio.dll
0x00007ffde4220000 - 0x00007ffde423a000 	D:\IntelliJ IDEA\IntelliJ IDEA 2021.2.2\bin\breakgen64.dll
0x00007ffde4620000 - 0x00007ffde4628000 	D:\JDK\bin\extnet.dll
0x00007ffdf0920000 - 0x00007ffdf09eb000 	C:\WINDOWS\SYSTEM32\DNSAPI.dll
0x00007ffdf08e0000 - 0x00007ffdf091b000 	C:\WINDOWS\SYSTEM32\IPHLPAPI.DLL
0x00007ffdf2ee0000 - 0x00007ffdf2ee8000 	C:\WINDOWS\System32\NSI.dll
0x00007ffde3f70000 - 0x00007ffde3f7a000 	C:\Windows\System32\rasadhlp.dll
0x00007ffde8780000 - 0x00007ffde8800000 	C:\WINDOWS\System32\fwpuclnt.dll
0x00007ffdf1a60000 - 0x00007ffdf1a87000 	C:\WINDOWS\System32\bcrypt.dll
0x00007ffde7060000 - 0x00007ffde706a000 	D:\JDK\bin\management.dll
0x00007ffde7050000 - 0x00007ffde705b000 	D:\JDK\bin\management_ext.dll
0x00007ffdf3170000 - 0x00007ffdf3178000 	C:\WINDOWS\System32\PSAPI.DLL
0x00007ffdf0e60000 - 0x00007ffdf0e78000 	C:\WINDOWS\SYSTEM32\CRYPTSP.dll
0x00007ffdf0500000 - 0x00007ffdf0534000 	C:\WINDOWS\system32\rsaenh.dll
0x00007ffdf1440000 - 0x00007ffdf146e000 	C:\WINDOWS\SYSTEM32\USERENV.dll
0x00007ffdf0eb0000 - 0x00007ffdf0ebc000 	C:\WINDOWS\SYSTEM32\CRYPTBASE.dll
0x00007ffdea4e0000 - 0x00007ffdea4f7000 	C:\WINDOWS\SYSTEM32\dhcpcsvc6.DLL
0x00007ffdea950000 - 0x00007ffdea96d000 	C:\WINDOWS\SYSTEM32\dhcpcsvc.DLL
0x00007ffdc1950000 - 0x00007ffdc1967000 	C:\WINDOWS\system32\napinsp.dll
0x00007ffdc1930000 - 0x00007ffdc194b000 	C:\WINDOWS\system32\pnrpnsp.dll
0x00007ffdc33c0000 - 0x00007ffdc33d5000 	C:\WINDOWS\system32\wshbth.dll
0x00007ffdecfa0000 - 0x00007ffdecfbd000 	C:\WINDOWS\system32\NLAapi.dll
0x00007ffdc1910000 - 0x00007ffdc1922000 	C:\WINDOWS\System32\winrnr.dll
0x00007ffde2e10000 - 0x00007ffde2e20000 	D:\JDK\bin\verify.dll
0x00007ffde4250000 - 0x00007ffde425e000 	D:\JDK\bin\sunmscapi.dll
0x00007ffdf1cc0000 - 0x00007ffdf1e16000 	C:\WINDOWS\System32\CRYPT32.dll
0x00007ffdf0fa0000 - 0x00007ffdf0fc7000 	C:\WINDOWS\SYSTEM32\ncrypt.dll
0x00007ffdf0f60000 - 0x00007ffdf0f9b000 	C:\WINDOWS\SYSTEM32\NTASN1.dll
0x00007ffdcdd90000 - 0x00007ffdcdd97000 	C:\WINDOWS\system32\wshunix.dll

dbghelp: loaded successfully - version: 4.0.5 - missing functions: none
symbol engine: initialized successfully - sym options: 0x614 - pdb path: .;D:\JDK\bin;C:\WINDOWS\SYSTEM32;C:\WINDOWS\WinSxS\amd64_microsoft.windows.common-controls_6595b64144ccf1df_6.0.19041.1110_none_60b5254171f9507e;D:\JDK\bin\server;D:\IntelliJ IDEA\IntelliJ IDEA 2021.2.2\bin

VM Arguments:
jvm_args: -XX:TieredStopAtLevel=1 -Dspring.output.ansi.enabled=always -Dcom.sun.management.jmxremote -Dspring.jmx.enabled=true -Dspring.liveBeansView.mbeanDomain -Dspring.application.admin.enabled=true -Dmanagement.endpoints.jmx.exposure.include=* -javaagent:D:\IntelliJ IDEA\IntelliJ IDEA 2021.2.2\lib\idea_rt.jar=55843:D:\IntelliJ IDEA\IntelliJ IDEA 2021.2.2\bin -Dfile.encoding=UTF-8 -Dsun.stdout.encoding=UTF-8 -Dsun.stderr.encoding=UTF-8 
java_command: com.group12.bookinghomestay.BookingHomestayApplication
java_class_path (initial): D:\Intelij Workspace\booking-homestay\target\classes;C:\Users\PC\.m2\repository\org\springframework\boot\spring-boot-starter-data-jpa\2.7.5\spring-boot-starter-data-jpa-2.7.5.jar;C:\Users\PC\.m2\repository\org\springframework\boot\spring-boot-starter-aop\2.7.5\spring-boot-starter-aop-2.7.5.jar;C:\Users\PC\.m2\repository\org\aspectj\aspectjweaver\1.9.7\aspectjweaver-1.9.7.jar;C:\Users\PC\.m2\repository\org\springframework\boot\spring-boot-starter-jdbc\2.7.5\spring-boot-starter-jdbc-2.7.5.jar;C:\Users\PC\.m2\repository\com\zaxxer\HikariCP\4.0.3\HikariCP-4.0.3.jar;C:\Users\PC\.m2\repository\org\springframework\spring-jdbc\5.3.23\spring-jdbc-5.3.23.jar;C:\Users\PC\.m2\repository\jakarta\transaction\jakarta.transaction-api\1.3.3\jakarta.transaction-api-1.3.3.jar;C:\Users\PC\.m2\repository\jakarta\persistence\jakarta.persistence-api\2.2.3\jakarta.persistence-api-2.2.3.jar;C:\Users\PC\.m2\repository\org\hibernate\hibernate-core\5.6.12.Final\hibernate-core-5.6.12.Final.jar;C:\Users\PC\.m2\repository\org\jboss\logging\jboss-logging\3.4.3.Final\jboss-logging-3.4.3.Final.jar;C:\Users\PC\.m2\repository\net\bytebuddy\byte-buddy\1.12.18\byte-buddy-1.12.18.jar;C:\Users\PC\.m2\repository\antlr\antlr\2.7.7\antlr-2.7.7.jar;C:\Users\PC\.m2\repository\org\jboss\jandex\2.4.2.Final\jandex-2.4.2.Final.jar;C:\Users\PC\.m2\repository\com\fasterxml\classmate\1.5.1\classmate-1.5.1.jar;C:\Users\PC\.m2\repository\org\hibernate\common\hibernate-commons-annotations\5.1.2.Final\hibernate-commons-annotations-5.1.2.Final.jar;C:\Users\PC\.m2\repository\org\glassfish\jaxb\jaxb-runtime\2.3.7\jaxb-runtime-2.3.7.jar;C:\Users\PC\.m2\repository\org\glassfish\jaxb\txw2\2.3.7\txw2-2.3.7.jar;C:\Users\PC\.m2\repository\com\sun\istack\istack-commons-runtime\3.0.12\istack-commons-runtime-3.0.12.jar;C:\Users\PC\.m2\repository\org\springframework\data\spring-data-jpa\2.7.5\spring-data-jpa-2.7.5.jar;C:\Users\PC\.m2\repository\org\springframework\data\spring-data-commons\2.7.5\spring-data-commons-2.7.5.jar;C:\Users\PC\.m2\repository\org\springframework\spring-orm\5.3.23\spring-orm-5.3.23.jar;C:\Users\PC\.m2\repository\org\springframework\spring-context\5.3.23\spring-context-5.3.23.jar;C:\Users\PC\.m2\repository\org\springframework\spring-tx\5.3.23\spring-tx-5.3.23.jar;C:\Users\PC\.m2\repository\org\springframework\spring-beans\5.3.23\spring-beans-5.3.23.jar;C:\Users\PC\.m2\repository\org\slf4j\slf4j-api\1.7.36\slf4j-api-1.7.36.jar;C:\Users\PC\.m2\repository\org\springframework\spring-aspects\5.3.23\spring-aspects-5.3.23.jar;C:\Users\PC\.m2\repository\org\springframework\boot\spring-boot-starter-web\2.7.5\spring-boot-starter-web-2.7.5.jar;C:\Users\PC\.m2\repository\org\springframework\boot\spring-boot-starter\2.7.5\spring-boot-starter-2.7.5.jar;C:\Users\PC\.m2\repository\org\springframework\boot\spring-boot-starter-logging\2.7.5\spring-boot-starter-logging-2.7.5.jar;C:\Users\PC\.m2\repository\ch\qos\logback\logback-classic\1.2.11\logback-classic-1.2.11.jar;C:\Users\PC\.m2\repository\ch\qos\logback\logback-core\1.2.11\logback-core-1.2.11.jar;C:\Users\PC\.m2\repository\org\apache\logging\log4j\log4j-to-slf4j\2.17.2\log4j-to-slf4j-2.17.2.jar;C:\Users\PC\.m2\repository\org\apache\logging\log4j\log4j-api\2.17.2\log4j-api-2.17.2.jar;C:\Users\PC\.m2\repository\org\slf4j\jul-to-slf4j\1.7.36\jul-to-slf4j-1.7.36.jar;C:\Users\PC\.m2\repository\jakarta\annotation\jakarta.annotation-api\1.3.5\jakarta.annotation-api-1.3.5.jar;C:\Users\PC\.m2\repository\org\yaml\snakeyaml\1.30\snakeyaml-1.30.jar;C:\Users\PC\.m2\repository\org\springframework\boot\spring-boot-starter-json\2.7.5\spring-boot-starter-json-2.7.5.jar;C:\Users\PC\.m2\repository\com\fasterxml\jackson\datatype\jackson-datatype-jdk8\2.13.4\jackson-datatype-jdk8-2.13.4.jar;C:\Users\PC\.m2\repository\com\fasterxml\jackson\datatype\jackson-datatype-jsr310\2.13.4\jackson-datatype-jsr310-2.13.4.jar;C:\Users\PC\.m2\repository\com\fasterxml\jackson\module\jackson-module-parameter-names\2.13.4\jackson-module-parameter-names-2.13.4.jar;C:\Users\PC\.m2\repository\org\springframework\boot\spring-boot-starter-tomcat\2.7.5\spring-boot-starter-tomcat-2.7.5.jar;C:\Users\PC\.m2\repository\org\apache\tomcat\embed\tomcat-embed-core\9.0.68\tomcat-embed-core-9.0.68.jar;C:\Users\PC\.m2\repository\org\apache\tomcat\embed\tomcat-embed-el\9.0.68\tomcat-embed-el-9.0.68.jar;C:\Users\PC\.m2\repository\org\apache\tomcat\embed\tomcat-embed-websocket\9.0.68\tomcat-embed-websocket-9.0.68.jar;C:\Users\PC\.m2\repository\org\springframework\spring-web\5.3.23\spring-web-5.3.23.jar;C:\Users\PC\.m2\repository\org\springframework\spring-webmvc\5.3.23\spring-webmvc-5.3.23.jar;C:\Users\PC\.m2\repository\org\springframework\spring-expression\5.3.23\spring-expression-5.3.23.jar;C:\Users\PC\.m2\repository\org\springframework\boot\spring-boot-devtools\2.7.5\spring-boot-devtools-2.7.5.jar;C:\Users\PC\.m2\repository\org\springframework\boot\spring-boot\2.7.5\spring-boot-2.7.5.jar;C:\Users\PC\.m2\repository\org\springframework\boot\spring-boot-autoconfigure\2.7.5\spring-boot-autoconfigure-2.7.5.jar;C:\Users\PC\.m2\repository\com\mysql\mysql-connector-j\8.0.31\mysql-connector-j-8.0.31.jar;C:\Users\PC\.m2\repository\jakarta\xml\bind\jakarta.xml.bind-api\2.3.3\jakarta.xml.bind-api-2.3.3.jar;C:\Users\PC\.m2\repository\jakarta\activation\jakarta.activation-api\1.2.2\jakarta.activation-api-1.2.2.jar;C:\Users\PC\.m2\repository\org\springframework\spring-core\5.3.23\spring-core-5.3.23.jar;C:\Users\PC\.m2\repository\org\springframework\spring-jcl\5.3.23\spring-jcl-5.3.23.jar;C:\Users\PC\.m2\repository\org\projectlombok\lombok\1.18.24\lombok-1.18.24.jar;C:\Users\PC\.m2\repository\org\mapstruct\mapstruct\1.5.2.Final\mapstruct-1.5.2.Final.jar;C:\Users\PC\.m2\repository\org\modelmapper\modelmapper\3.1.0\modelmapper-3.1.0.jar;C:\Users\PC\.m2\repository\commons-io\commons-io\2.4\commons-io-2.4.jar;C:\Users\PC\.m2\repository\org\springframework\security\spring-security-crypto\5.7.5\spring-security-crypto-5.7.5.jar;C:\Users\PC\.m2\repository\org\springframework\boot\spring-boot-starter-mail\2.7.5\spring-boot-starter-mail-2.7.5.jar;C:\Users\PC\.m2\repository\org\springframework\spring-context-support\5.3.23\spring-context-support-5.3.23.jar;C:\Users\PC\.m2\repository\com\sun\mail\jakarta.mail\1.6.7\jakarta.mail-1.6.7.jar;C:\Users\PC\.m2\repository\com\sun\activation\jakarta.activation\1.2.2\jakarta.activation-1.2.2.jar;C:\Users\PC\.m2\repository\org\springframework\boot\spring-boot-starter-security\2.7.5\spring-boot-starter-security-2.7.5.jar;C:\Users\PC\.m2\repository\org\springframework\spring-aop\5.3.23\spring-aop-5.3.23.jar;C:\Users\PC\.m2\repository\org\springframework\security\spring-security-config\5.7.4\spring-security-config-5.7.4.jar;C:\Users\PC\.m2\repository\org\springframework\security\spring-security-web\5.7.4\spring-security-web-5.7.4.jar;C:\Users\PC\.m2\repository\org\springframework\security\spring-security-core\5.7.4\spring-security-core-5.7.4.jar;C:\Users\PC\.m2\repository\io\jsonwebtoken\jjwt\0.9.1\jjwt-0.9.1.jar;C:\Users\PC\.m2\repository\com\fasterxml\jackson\core\jackson-databind\2.13.4.2\jackson-databind-2.13.4.2.jar;C:\Users\PC\.m2\repository\com\fasterxml\jackson\core\jackson-annotations\2.13.4\jackson-annotations-2.13.4.jar;C:\Users\PC\.m2\repository\com\fasterxml\jackson\core\jackson-core\2.13.4\jackson-core-2.13.4.jar;C:\Users\PC\.m2\repository\javax\xml\bind\jaxb-api\2.3.0\jaxb-api-2.3.0.jar
Launcher Type: SUN_STANDARD

[Global flags]
     intx CICompilerCount                          = 4                                         {product} {ergonomic}
     uint ConcGCThreads                            = 2                                         {product} {ergonomic}
     uint G1ConcRefinementThreads                  = 8                                         {product} {ergonomic}
   size_t G1HeapRegionSize                         = 1048576                                   {product} {ergonomic}
    uintx GCDrainStackTargetSize                   = 64                                        {product} {ergonomic}
   size_t InitialHeapSize                          = 117440512                                 {product} {ergonomic}
     bool ManagementServer                         = true                                      {product} {command line}
   size_t MarkStackSize                            = 4194304                                   {product} {ergonomic}
   size_t MaxHeapSize                              = 1866465280                                {product} {ergonomic}
   size_t MaxNewSize                               = 1119879168                                {product} {ergonomic}
   size_t MinHeapDeltaBytes                        = 1048576                                   {product} {ergonomic}
   size_t MinHeapSize                              = 8388608                                   {product} {ergonomic}
    uintx NonProfiledCodeHeapSize                  = 0                                      {pd product} {ergonomic}
     bool ProfileInterpreter                       = false                                  {pd product} {command line}
    uintx ProfiledCodeHeapSize                     = 0                                      {pd product} {ergonomic}
   size_t SoftMaxHeapSize                          = 1866465280                             {manageable} {ergonomic}
     intx TieredStopAtLevel                        = 1                                         {product} {command line}
     bool UseCompressedClassPointers               = true                           {product lp64_product} {ergonomic}
     bool UseCompressedOops                        = true                           {product lp64_product} {ergonomic}
     bool UseG1GC                                  = true                                      {product} {ergonomic}
     bool UseLargePagesIndividualAllocation        = false                                  {pd product} {ergonomic}

Logging:
Log output configuration:
 #0: stdout all=warning uptime,level,tags foldmultilines=false
 #1: stderr all=off uptime,level,tags foldmultilines=false

Environment Variables:
PATH=D:\JDK\bin;C:\Program Files (x86)\Common Files\Intel\Shared Libraries\redist\intel64\compiler;C:\Program Files\Python38\Scripts\;C:\Program Files\Python38\;C:\Program Files\Common Files\Oracle\Java\javapath;C:\Program Files (x86)\Common Files\Oracle\Java\javapath;C:\Windows\system32;C:\Windows;C:\Windows\System32\Wbem;C:\Windows\System32\WindowsPowerShell\v1.0\;C:\Windows\System32\OpenSSH\;C:\Program Files (x86)\NVIDIA Corporation\PhysX\Common;C:\Program Files\Intel\WiFi\bin\;C:\Program Files\Common Files\Intel\WirelessCommon\;C:\Program Files (x86)\Microsoft SQL Server\100\Tools\Binn\;C:\Program Files\Microsoft SQL Server\100\Tools\Binn\;C:\Program Files\Microsoft SQL Server\100\DTS\Binn\;C:\Program Files\NVIDIA Corporation\NVIDIA NvDLISR;C:\WINDOWS\system32;C:\WINDOWS;C:\WINDOWS\System32\Wbem;C:\WINDOWS\System32\WindowsPowerShell\v1.0\;C:\WINDOWS\System32\OpenSSH\;C:\Program Files\Microsoft SQL Server\Client SDK\ODBC\170\Tools\Binn\;C:\Program Files (x86)\Microsoft SQL Server\150\Tools\Binn\;C:\Program Files\Microsoft SQL Server\150\Tools\Binn\;C:\Program Files\Microsoft SQL Server\150\DTS\Binn\;C:\Program Files (x86)\Microsoft SQL Server\150\DTS\Binn\;C:\ProgramData\chocolatey\bin;C:\Program Files\Git\cmd;C:\Program Files\Microsoft SQL Server\130\Tools\Binn\;D:\up rom tools\platform-tools;D:\Framework\Node.js\;C:\Program Files\Java\jre1.8.0_341\bin;D:\JDK\bin;D:\Server\apache-maven-3.8.6-bin\apache-maven-3.8.6\bin;;C:\Program Files\Docker\Docker\resources\bin;C:\Program Files\Cloudflare\Cloudflare WARP\;C:\Users\PC\AppData\Local\Microsoft\WindowsApps;C:\Users\PC\AppData\Roaming\Dashlane\6.1940.1.24013\bin\Firefox_Extension\{442718d9-475e-452a-b3e1-fb1ee16b8e9f}\components;C:\Users\PC\AppData\Roaming\Dashlane\6.1940.1.24013\ucrt;C:\Users\PC\AppData\Roaming\Dashlane\6.1940.1.24013\bin\Qt;C:\Users\PC\AppData\Roaming\Dashlane\6.1940.1.24013\bin\Ssl;D:\Microsoft Visual Studio Code\Microsoft VS Code\bin;D:\Software\Heroku\bin;C:\Program Files\Azure Data Studio\bin;C:\Users\PC\AppData\Local\Microsoft\WindowsApps;C:\Users\PC\AppData\Local\Programs\Hyper\resources\bin;C:\Windows\Microsoft.NET\Framework\v4.0.30319;C:\Users\PC\.dotnet\tools;C:\Users\PC\AppData\Roaming\npm;D:\Server\apache-maven-3.8.6-bin\apache-maven-3.8.6\bin
USERNAME=PC
OS=Windows_NT
PROCESSOR_IDENTIFIER=AMD64 Family 23 Model 17 Stepping 0, AuthenticAMD
TMP=C:\Users\PC\AppData\Local\Temp
TEMP=C:\Users\PC\AppData\Local\Temp



---------------  S Y S T E M  ---------------

OS:
 Windows 10 , 64 bit Build 19041 (10.0.19041.2546)
OS uptime: 0 days 20:23 hours
Hyper-V role detected

CPU: total 8 (initial active 8) (8 cores per cpu, 2 threads per core) family 23 model 17 stepping 0 microcode 0x0, cx8, cmov, fxsr, ht, mmx, 3dnowpref, sse, sse2, sse3, ssse3, sse4a, sse4.1, sse4.2, popcnt, lzcnt, tsc, tscinvbit, avx, avx2, aes, clmul, bmi1, bmi2, adx, sha, fma, vzeroupper, clflush, clflushopt, hv, rdtscp

Memory: 4k page, system-wide physical 7116M (714M free)
TotalPageFile size 11212M (AvailPageFile size 5M)
current process WorkingSet (physical memory assigned to process): 274M, peak: 329M
current process commit charge ("private bytes"): 337M, peak: 407M

vm_info: Java HotSpot(TM) 64-Bit Server VM (19.0.1+10-21) for windows-amd64 JRE (19.0.1+10-21), built on 2022-09-14T12:45:06Z by "mach5one" with MS VC++ 17.1 (VS2022)

END.
