#
# There is insufficient memory for the Java Runtime Environment to continue.
# Native memory allocation (malloc) failed to allocate 1048576 bytes for AllocateHeap
# Possible reasons:
#   The system is out of physical RAM or swap space
#   The process is running with CompressedOops enabled, and the Java Heap may be blocking the growth of the native heap
# Possible solutions:
#   Reduce memory load on the system
#   Increase physical memory or swap space
#   Check if swap backing store is full
#   Decrease Java heap size (-Xmx/-Xms)
#   Decrease number of Java threads
#   Decrease Java thread stack sizes (-Xss)
#   Set larger code cache with -XX:ReservedCodeCacheSize=
#   JVM is running with Unscaled Compressed Oops mode in which the Java heap is
#     placed in the first 4GB address space. The Java Heap base address is the
#     maximum limit for the native heap growth. Please use -XX:HeapBaseMinAddress
#     to set the Java Heap base and to place the Java Heap above 4GB virtual address.
# This output file may be truncated or incomplete.
#
#  Out of Memory Error (allocation.cpp:44), pid=11080, tid=11028
#
# JRE version: Java(TM) SE Runtime Environment (19.0.1+10) (build 19.0.1+10-21)
# Java VM: Java HotSpot(TM) 64-Bit Server VM (19.0.1+10-21, mixed mode, emulated-client, sharing, tiered, compressed oops, compressed class ptrs, g1 gc, windows-amd64)
# No core dump will be written. Minidumps are not enabled by default on client versions of Windows
#

---------------  S U M M A R Y ------------

Command Line: -XX:TieredStopAtLevel=1 -Dspring.output.ansi.enabled=always -Dcom.sun.management.jmxremote -Dspring.jmx.enabled=true -Dspring.liveBeansView.mbeanDomain -Dspring.application.admin.enabled=true -Dmanagement.endpoints.jmx.exposure.include=* -javaagent:D:\IntelliJ IDEA\IntelliJ IDEA 2021.2.2\lib\idea_rt.jar=56307:D:\IntelliJ IDEA\IntelliJ IDEA 2021.2.2\bin -Dfile.encoding=UTF-8 -Dsun.stdout.encoding=UTF-8 -Dsun.stderr.encoding=UTF-8 com.group12.bookinghomestay.BookingHomestayApplication

Host: AMD Ryzen 5 2500U with Radeon Vega Mobile Gfx  , 8 cores, 6G,  Windows 10 , 64 bit Build 19041 (10.0.19041.2546)
Time: Fri Feb  3 16:59:02 2023 SE Asia Standard Time elapsed time: 107.029949 seconds (0d 0h 1m 47s)

---------------  T H R E A D  ---------------

Current thread (0x00000226bc7bdba0):  VMThread "VM Thread" [stack: 0x000000fc58600000,0x000000fc58700000] [id=11028]

Stack: [0x000000fc58600000,0x000000fc58700000]
Native frames: (J=compiled Java code, j=interpreted, Vv=VM code, C=native code)
V  [jvm.dll+0x6ee8fa]
V  [jvm.dll+0x857a1e]
V  [jvm.dll+0x85940e]
V  [jvm.dll+0x859ac3]
V  [jvm.dll+0x28291f]
V  [jvm.dll+0xc40eb]
V  [jvm.dll+0x347471]
V  [jvm.dll+0x3425a0]
V  [jvm.dll+0x32c204]
V  [jvm.dll+0x3728c7]
V  [jvm.dll+0x85ef83]
V  [jvm.dll+0x85fd49]
V  [jvm.dll+0x86027d]
V  [jvm.dll+0x86070b]
V  [jvm.dll+0x8607c7]
V  [jvm.dll+0x8015fa]
V  [jvm.dll+0x6ed5eb]
C  [ucrtbase.dll+0x21bb2]
C  [KERNEL32.DLL+0x17614]
C  [ntdll.dll+0x526a1]

VM_Operation (0x000000fc57dff1c0): G1CollectFull, mode: safepoint, requested by thread 0x00000226c31b5040


---------------  P R O C E S S  ---------------

Threads class SMR info:
_java_thread_list=0x00000226c1259b50, length=17, elements={
0x00000226bc7d53b0, 0x00000226bc7d61a0, 0x00000226bc7da1c0, 0x00000226bc7dadb0,
0x00000226bc7dc6f0, 0x00000226bc7dd160, 0x00000226bc7dfea0, 0x00000226bc7e1820,
0x00000226c0cae190, 0x00000226c1095bc0, 0x00000226c10998c0, 0x00000226c133a0b0,
0x00000226c13dae90, 0x00000226c17e5c70, 0x00000226c31b1080, 0x00000226c31b15d0,
0x00000226c31b5040
}

Java Threads: ( => current thread )
  0x00000226bc7d53b0 JavaThread "Reference Handler" daemon [_thread_blocked, id=9840, stack(0x000000fc58700000,0x000000fc58800000)]
  0x00000226bc7d61a0 JavaThread "Finalizer" daemon [_thread_blocked, id=3380, stack(0x000000fc58800000,0x000000fc58900000)]
  0x00000226bc7da1c0 JavaThread "Signal Dispatcher" daemon [_thread_blocked, id=9880, stack(0x000000fc58900000,0x000000fc58a00000)]
  0x00000226bc7dadb0 JavaThread "Attach Listener" daemon [_thread_blocked, id=8632, stack(0x000000fc58a00000,0x000000fc58b00000)]
  0x00000226bc7dc6f0 JavaThread "Service Thread" daemon [_thread_blocked, id=7548, stack(0x000000fc58b00000,0x000000fc58c00000)]
  0x00000226bc7dd160 JavaThread "Monitor Deflation Thread" daemon [_thread_blocked, id=13000, stack(0x000000fc58c00000,0x000000fc58d00000)]
  0x00000226bc7dfea0 JavaThread "C1 CompilerThread0" daemon [_thread_blocked, id=4692, stack(0x000000fc58d00000,0x000000fc58e00000)]
  0x00000226bc7e1820 JavaThread "Sweeper thread" daemon [_thread_blocked, id=2516, stack(0x000000fc58e00000,0x000000fc58f00000)]
  0x00000226c0cae190 JavaThread "Common-Cleaner" daemon [_thread_blocked, id=13940, stack(0x000000fc58f00000,0x000000fc59000000)]
  0x00000226c1095bc0 JavaThread "Monitor Ctrl-Break" daemon [_thread_in_native, id=496, stack(0x000000fc59100000,0x000000fc59200000)]
  0x00000226c10998c0 JavaThread "Notification Thread" daemon [_thread_blocked, id=3576, stack(0x000000fc59200000,0x000000fc59300000)]
  0x00000226c133a0b0 JavaThread "RMI TCP Accept-0" daemon [_thread_in_native, id=4360, stack(0x000000fc59500000,0x000000fc59600000)]
  0x00000226c13dae90 JavaThread "RMI Scheduler(0)" daemon [_thread_blocked, id=4892, stack(0x000000fc59800000,0x000000fc59900000)]
  0x00000226c17e5c70 JavaThread "mysql-cj-abandoned-connection-cleanup" daemon [_thread_blocked, id=10400, stack(0x000000fc5a400000,0x000000fc5a500000)]
  0x00000226c31b1080 JavaThread "Live Reload Server" daemon [_thread_in_native, id=14108, stack(0x000000fc5ad00000,0x000000fc5ae00000)]
  0x00000226c31b15d0 JavaThread "DestroyJavaVM" [_thread_blocked, id=3892, stack(0x000000fc58000000,0x000000fc58100000)]
  0x00000226c31b5040 JavaThread "Thread-5" [_thread_blocked, id=3984, stack(0x000000fc57d00000,0x000000fc57e00000)]

Other Threads:
=>0x00000226bc7bdba0 VMThread "VM Thread" [stack: 0x000000fc58600000,0x000000fc58700000] [id=11028]
  0x00000226aaa94460 WatcherThread "VM Periodic Task Thread" [stack: 0x000000fc59700000,0x000000fc59800000] [id=9448]
  0x00000226aaaeab60 WorkerThread "GC Thread#0" [stack: 0x000000fc58100000,0x000000fc58200000] [id=2368]
  0x00000226c147ada0 WorkerThread "GC Thread#1" [stack: 0x000000fc59900000,0x000000fc59a00000] [id=12812]
  0x00000226c1505770 WorkerThread "GC Thread#2" [stack: 0x000000fc59a00000,0x000000fc59b00000] [id=13112]
  0x00000226c1509270 WorkerThread "GC Thread#3" [stack: 0x000000fc59b00000,0x000000fc59c00000] [id=7120]
  0x00000226c1509540 WorkerThread "GC Thread#4" [stack: 0x000000fc59c00000,0x000000fc59d00000] [id=11724]
  0x00000226c150a280 WorkerThread "GC Thread#5" [stack: 0x000000fc59d00000,0x000000fc59e00000] [id=13716]
  0x00000226c150b090 WorkerThread "GC Thread#6" [stack: 0x000000fc59e00000,0x000000fc59f00000] [id=13152]
  0x00000226c150adc0 WorkerThread "GC Thread#7" [stack: 0x000000fc59f00000,0x000000fc5a000000] [id=12188]
  0x00000226aab12030 ConcurrentGCThread "G1 Main Marker" [stack: 0x000000fc58200000,0x000000fc58300000] [id=12900]
  0x00000226aab13110 WorkerThread "G1 Conc#0" [stack: 0x000000fc58300000,0x000000fc58400000] [id=8920]
  0x00000226c150a550 WorkerThread "G1 Conc#1" [stack: 0x000000fc5a300000,0x000000fc5a400000] [id=4724]
  0x00000226aab4e920 ConcurrentGCThread "G1 Refine#0" [stack: 0x000000fc58400000,0x000000fc58500000] [id=12504]
  0x00000226bc67a560 ConcurrentGCThread "G1 Service" [stack: 0x000000fc58500000,0x000000fc58600000] [id=13848]

Threads with active compile tasks:

VM state: at safepoint (normal execution)

VM Mutex/Monitor currently owned by a thread:  ([mutex/lock_event])
[0x00000226aaa8e4b0] Threads_lock - owner thread: 0x00000226bc7bdba0
[0x00000226aaa8e540] Heap_lock - owner thread: 0x00000226c31b5040

Heap address: 0x0000000090c00000, size: 1780 MB, Compressed Oops mode: 32-bit

CDS archive(s) mapped at: [0x0000000800000000-0x0000000800c40000-0x0000000800c40000), size 12845056, SharedBaseAddress: 0x0000000800000000, ArchiveRelocationMode: 0.
Compressed class space mapped at: 0x0000000801000000-0x0000000841000000, reserved size: 1073741824
Narrow klass base: 0x0000000800000000, Narrow klass shift: 0, Narrow klass range: 0x100000000

GC Precious Log:
 CardTable entry size: 512
 Card Set container configuration: InlinePtr #cards 5 size 8 Array Of Cards #cards 12 size 40 Howl #buckets 4 coarsen threshold 1843 Howl Bitmap #cards 512 size 80 coarsen threshold 460 Card regions per heap region 1 cards per card region 2048
 CPUs: 8 total, 8 available
 Memory: 7116M
 Large Page Support: Disabled
 NUMA Support: Disabled
 Compressed Oops: Enabled (32-bit)
 Heap Region Size: 1M
 Heap Min Capacity: 8M
 Heap Initial Capacity: 112M
 Heap Max Capacity: 1780M
 Pre-touch: Disabled
 Parallel Workers: 8
 Concurrent Workers: 2
 Concurrent Refinement Workers: 8
 Periodic GC: Disabled

Heap:
 garbage-first heap   total 106496K, used 79663K [0x0000000090c00000, 0x0000000100000000)
  region size 1024K, 50 young (51200K), 1 survivors (1024K)
 Metaspace       used 60981K, committed 61568K, reserved 1114112K
  class space    used 8371K, committed 8640K, reserved 1048576K

Heap Regions: E=young(eden), S=young(survivor), O=old, HS=humongous(starts), HC=humongous(continues), CS=collection set, F=free, OA=open archive, CA=closed archive, TAMS=top-at-mark-start (previous, next)
|   0|0x0000000090c00000, 0x0000000090d00000, 0x0000000090d00000|100%|HS|  |TAMS 0x0000000090d00000, 0x0000000090c00000| Complete 
|   1|0x0000000090d00000, 0x0000000090e00000, 0x0000000090e00000|100%| O|  |TAMS 0x0000000090e00000, 0x0000000090d00000| Untracked 
|   2|0x0000000090e00000, 0x0000000090f00000, 0x0000000090f00000|100%| O|  |TAMS 0x0000000090f00000, 0x0000000090e00000| Untracked 
|   3|0x0000000090f00000, 0x0000000091000000, 0x0000000091000000|100%| O|  |TAMS 0x0000000091000000, 0x0000000090f00000| Untracked 
|   4|0x0000000091000000, 0x0000000091100000, 0x0000000091100000|100%| O|  |TAMS 0x0000000091100000, 0x0000000091000000| Untracked 
|   5|0x0000000091100000, 0x0000000091200000, 0x0000000091200000|100%| O|  |TAMS 0x0000000091200000, 0x0000000091100000| Untracked 
|   6|0x0000000091200000, 0x0000000091300000, 0x0000000091300000|100%| O|  |TAMS 0x0000000091300000, 0x0000000091200000| Untracked 
|   7|0x0000000091300000, 0x0000000091400000, 0x0000000091400000|100%| O|  |TAMS 0x0000000091400000, 0x0000000091300000| Untracked 
|   8|0x0000000091400000, 0x0000000091500000, 0x0000000091500000|100%| O|  |TAMS 0x0000000091500000, 0x0000000091400000| Untracked 
|   9|0x0000000091500000, 0x0000000091600000, 0x0000000091600000|100%| O|  |TAMS 0x0000000091600000, 0x0000000091500000| Untracked 
|  10|0x0000000091600000, 0x0000000091700000, 0x0000000091700000|100%| O|  |TAMS 0x0000000091700000, 0x0000000091600000| Untracked 
|  11|0x0000000091700000, 0x0000000091800000, 0x0000000091800000|100%| O|  |TAMS 0x0000000091800000, 0x0000000091700000| Untracked 
|  12|0x0000000091800000, 0x0000000091900000, 0x0000000091900000|100%| O|  |TAMS 0x0000000091900000, 0x0000000091800000| Untracked 
|  13|0x0000000091900000, 0x0000000091a00000, 0x0000000091a00000|100%| O|  |TAMS 0x0000000091a00000, 0x0000000091900000| Untracked 
|  14|0x0000000091a00000, 0x0000000091b00000, 0x0000000091b00000|100%| O|  |TAMS 0x0000000091b00000, 0x0000000091a00000| Untracked 
|  15|0x0000000091b00000, 0x0000000091c00000, 0x0000000091c00000|100%| O|  |TAMS 0x0000000091c00000, 0x0000000091b00000| Untracked 
|  16|0x0000000091c00000, 0x0000000091d00000, 0x0000000091d00000|100%| O|  |TAMS 0x0000000091d00000, 0x0000000091c00000| Untracked 
|  17|0x0000000091d00000, 0x0000000091e00000, 0x0000000091e00000|100%| O|  |TAMS 0x0000000091e00000, 0x0000000091d00000| Untracked 
|  18|0x0000000091e00000, 0x0000000091f00000, 0x0000000091f00000|100%| O|  |TAMS 0x0000000091f00000, 0x0000000091e00000| Untracked 
|  19|0x0000000091f00000, 0x0000000092000000, 0x0000000092000000|100%| O|  |TAMS 0x0000000092000000, 0x0000000091f00000| Untracked 
|  20|0x0000000092000000, 0x0000000092100000, 0x0000000092100000|100%| O|  |TAMS 0x0000000092100000, 0x0000000092000000| Untracked 
|  21|0x0000000092100000, 0x0000000092100000, 0x0000000092200000|  0%| F|  |TAMS 0x0000000092100000, 0x0000000092100000| Untracked 
|  22|0x0000000092200000, 0x0000000092300000, 0x0000000092300000|100%| O|  |TAMS 0x0000000092200000, 0x0000000092200000| Untracked 
|  23|0x0000000092300000, 0x0000000092400000, 0x0000000092400000|100%| O|  |TAMS 0x0000000092400000, 0x0000000092300000| Untracked 
|  24|0x0000000092400000, 0x0000000092500000, 0x0000000092500000|100%| O|  |TAMS 0x0000000092500000, 0x0000000092400000| Untracked 
|  25|0x0000000092500000, 0x0000000092600000, 0x0000000092600000|100%| O|  |TAMS 0x0000000092600000, 0x0000000092500000| Untracked 
|  26|0x0000000092600000, 0x0000000092700000, 0x0000000092700000|100%| O|  |TAMS 0x0000000092700000, 0x0000000092600000| Untracked 
|  27|0x0000000092700000, 0x0000000092800000, 0x0000000092800000|100%| O|  |TAMS 0x00000000927f1c00, 0x0000000092700000| Untracked 
|  28|0x0000000092800000, 0x0000000092900000, 0x0000000092900000|100%| O|  |TAMS 0x0000000092800000, 0x0000000092800000| Untracked 
|  29|0x0000000092900000, 0x0000000092a00000, 0x0000000092a00000|100%| O|  |TAMS 0x0000000092900000, 0x0000000092900000| Untracked 
|  30|0x0000000092a00000, 0x0000000092b00000, 0x0000000092b00000|100%| O|  |TAMS 0x0000000092a00000, 0x0000000092a00000| Untracked 
|  31|0x0000000092b00000, 0x0000000092b4fe00, 0x0000000092c00000| 31%| O|  |TAMS 0x0000000092b00000, 0x0000000092b00000| Untracked 
|  32|0x0000000092c00000, 0x0000000092c00000, 0x0000000092d00000|  0%| F|  |TAMS 0x0000000092c00000, 0x0000000092c00000| Untracked 
|  33|0x0000000092d00000, 0x0000000092d00000, 0x0000000092e00000|  0%| F|  |TAMS 0x0000000092d00000, 0x0000000092d00000| Untracked 
|  34|0x0000000092e00000, 0x0000000092e00000, 0x0000000092f00000|  0%| F|  |TAMS 0x0000000092e00000, 0x0000000092e00000| Untracked 
|  35|0x0000000092f00000, 0x0000000092f00000, 0x0000000093000000|  0%| F|  |TAMS 0x0000000092f00000, 0x0000000092f00000| Untracked 
|  36|0x0000000093000000, 0x0000000093000000, 0x0000000093100000|  0%| F|  |TAMS 0x0000000093000000, 0x0000000093000000| Untracked 
|  37|0x0000000093100000, 0x0000000093100000, 0x0000000093200000|  0%| F|  |TAMS 0x0000000093100000, 0x0000000093100000| Untracked 
|  38|0x0000000093200000, 0x0000000093200000, 0x0000000093300000|  0%| F|  |TAMS 0x0000000093200000, 0x0000000093200000| Untracked 
|  39|0x0000000093300000, 0x0000000093300000, 0x0000000093400000|  0%| F|  |TAMS 0x0000000093300000, 0x0000000093300000| Untracked 
|  40|0x0000000093400000, 0x0000000093400000, 0x0000000093500000|  0%| F|  |TAMS 0x0000000093400000, 0x0000000093400000| Untracked 
|  41|0x0000000093500000, 0x0000000093500000, 0x0000000093600000|  0%| F|  |TAMS 0x0000000093500000, 0x0000000093500000| Untracked 
|  42|0x0000000093600000, 0x0000000093600000, 0x0000000093700000|  0%| F|  |TAMS 0x0000000093600000, 0x0000000093600000| Untracked 
|  43|0x0000000093700000, 0x0000000093700000, 0x0000000093800000|  0%| F|  |TAMS 0x0000000093700000, 0x0000000093700000| Untracked 
|  44|0x0000000093800000, 0x0000000093800000, 0x0000000093900000|  0%| F|  |TAMS 0x0000000093800000, 0x0000000093800000| Untracked 
|  45|0x0000000093900000, 0x0000000093900000, 0x0000000093a00000|  0%| F|  |TAMS 0x0000000093900000, 0x0000000093900000| Untracked 
|  46|0x0000000093a00000, 0x0000000093a00000, 0x0000000093b00000|  0%| F|  |TAMS 0x0000000093a00000, 0x0000000093a00000| Untracked 
|  47|0x0000000093b00000, 0x0000000093b00000, 0x0000000093c00000|  0%| F|  |TAMS 0x0000000093b00000, 0x0000000093b00000| Untracked 
|  48|0x0000000093c00000, 0x0000000093c00000, 0x0000000093d00000|  0%| F|  |TAMS 0x0000000093c00000, 0x0000000093c00000| Untracked 
|  49|0x0000000093d00000, 0x0000000093d00000, 0x0000000093e00000|  0%| F|  |TAMS 0x0000000093d00000, 0x0000000093d00000| Untracked 
|  50|0x0000000093e00000, 0x0000000093e00000, 0x0000000093f00000|  0%| F|  |TAMS 0x0000000093e00000, 0x0000000093e00000| Untracked 
|  51|0x0000000093f00000, 0x0000000093f00000, 0x0000000094000000|  0%| F|  |TAMS 0x0000000093f00000, 0x0000000093f00000| Untracked 
|  52|0x0000000094000000, 0x0000000094000000, 0x0000000094100000|  0%| F|  |TAMS 0x0000000094000000, 0x0000000094000000| Untracked 
|  53|0x0000000094100000, 0x0000000094100000, 0x0000000094200000|  0%| F|  |TAMS 0x0000000094100000, 0x0000000094100000| Untracked 
|  54|0x0000000094200000, 0x0000000094300000, 0x0000000094300000|100%| E|  |TAMS 0x0000000094200000, 0x0000000094200000| Complete 
|  55|0x0000000094300000, 0x0000000094400000, 0x0000000094400000|100%| E|CS|TAMS 0x0000000094300000, 0x0000000094300000| Complete 
|  56|0x0000000094400000, 0x0000000094500000, 0x0000000094500000|100%| E|CS|TAMS 0x0000000094400000, 0x0000000094400000| Complete 
|  57|0x0000000094500000, 0x0000000094600000, 0x0000000094600000|100%| E|CS|TAMS 0x0000000094500000, 0x0000000094500000| Complete 
|  58|0x0000000094600000, 0x0000000094700000, 0x0000000094700000|100%| E|CS|TAMS 0x0000000094600000, 0x0000000094600000| Complete 
|  59|0x0000000094700000, 0x0000000094800000, 0x0000000094800000|100%| E|CS|TAMS 0x0000000094700000, 0x0000000094700000| Complete 
|  60|0x0000000094800000, 0x0000000094900000, 0x0000000094900000|100%| E|CS|TAMS 0x0000000094800000, 0x0000000094800000| Complete 
|  61|0x0000000094900000, 0x0000000094a00000, 0x0000000094a00000|100%| E|CS|TAMS 0x0000000094900000, 0x0000000094900000| Complete 
|  62|0x0000000094a00000, 0x0000000094b00000, 0x0000000094b00000|100%| E|CS|TAMS 0x0000000094a00000, 0x0000000094a00000| Complete 
|  63|0x0000000094b00000, 0x0000000094c00000, 0x0000000094c00000|100%| E|CS|TAMS 0x0000000094b00000, 0x0000000094b00000| Complete 
|  64|0x0000000094c00000, 0x0000000094d00000, 0x0000000094d00000|100%| E|CS|TAMS 0x0000000094c00000, 0x0000000094c00000| Complete 
|  65|0x0000000094d00000, 0x0000000094e00000, 0x0000000094e00000|100%| E|CS|TAMS 0x0000000094d00000, 0x0000000094d00000| Complete 
|  66|0x0000000094e00000, 0x0000000094f00000, 0x0000000094f00000|100%| E|CS|TAMS 0x0000000094e00000, 0x0000000094e00000| Complete 
|  67|0x0000000094f00000, 0x0000000095000000, 0x0000000095000000|100%| E|CS|TAMS 0x0000000094f00000, 0x0000000094f00000| Complete 
|  68|0x0000000095000000, 0x0000000095100000, 0x0000000095100000|100%| E|CS|TAMS 0x0000000095000000, 0x0000000095000000| Complete 
|  69|0x0000000095100000, 0x0000000095200000, 0x0000000095200000|100%| E|CS|TAMS 0x0000000095100000, 0x0000000095100000| Complete 
|  70|0x0000000095200000, 0x0000000095300000, 0x0000000095300000|100%| E|CS|TAMS 0x0000000095200000, 0x0000000095200000| Complete 
|  71|0x0000000095300000, 0x0000000095400000, 0x0000000095400000|100%| E|CS|TAMS 0x0000000095300000, 0x0000000095300000| Complete 
|  72|0x0000000095400000, 0x0000000095500000, 0x0000000095500000|100%| E|CS|TAMS 0x0000000095400000, 0x0000000095400000| Complete 
|  73|0x0000000095500000, 0x0000000095600000, 0x0000000095600000|100%| E|CS|TAMS 0x0000000095500000, 0x0000000095500000| Complete 
|  74|0x0000000095600000, 0x0000000095700000, 0x0000000095700000|100%| E|CS|TAMS 0x0000000095600000, 0x0000000095600000| Complete 
|  75|0x0000000095700000, 0x0000000095800000, 0x0000000095800000|100%| E|CS|TAMS 0x0000000095700000, 0x0000000095700000| Complete 
|  76|0x0000000095800000, 0x0000000095900000, 0x0000000095900000|100%| E|CS|TAMS 0x0000000095800000, 0x0000000095800000| Complete 
|  77|0x0000000095900000, 0x0000000095a00000, 0x0000000095a00000|100%| E|CS|TAMS 0x0000000095900000, 0x0000000095900000| Complete 
|  78|0x0000000095a00000, 0x0000000095b00000, 0x0000000095b00000|100%| E|CS|TAMS 0x0000000095a00000, 0x0000000095a00000| Complete 
|  79|0x0000000095b00000, 0x0000000095c00000, 0x0000000095c00000|100%| E|CS|TAMS 0x0000000095b00000, 0x0000000095b00000| Complete 
|  80|0x0000000095c00000, 0x0000000095d00000, 0x0000000095d00000|100%| E|CS|TAMS 0x0000000095c00000, 0x0000000095c00000| Complete 
|  81|0x0000000095d00000, 0x0000000095e00000, 0x0000000095e00000|100%| E|  |TAMS 0x0000000095d00000, 0x0000000095d00000| Complete 
|  82|0x0000000095e00000, 0x0000000095f00000, 0x0000000095f00000|100%| E|CS|TAMS 0x0000000095e00000, 0x0000000095e00000| Complete 
|  83|0x0000000095f00000, 0x0000000096000000, 0x0000000096000000|100%| E|CS|TAMS 0x0000000095f00000, 0x0000000095f00000| Complete 
|  84|0x0000000096000000, 0x0000000096100000, 0x0000000096100000|100%| E|CS|TAMS 0x0000000096000000, 0x0000000096000000| Complete 
|  85|0x0000000096100000, 0x0000000096200000, 0x0000000096200000|100%| E|CS|TAMS 0x0000000096100000, 0x0000000096100000| Complete 
|  86|0x0000000096200000, 0x0000000096300000, 0x0000000096300000|100%| E|CS|TAMS 0x0000000096200000, 0x0000000096200000| Complete 
|  87|0x0000000096300000, 0x0000000096400000, 0x0000000096400000|100%| E|CS|TAMS 0x0000000096300000, 0x0000000096300000| Complete 
|  88|0x0000000096400000, 0x0000000096500000, 0x0000000096500000|100%| E|CS|TAMS 0x0000000096400000, 0x0000000096400000| Complete 
|  89|0x0000000096500000, 0x0000000096600000, 0x0000000096600000|100%| E|CS|TAMS 0x0000000096500000, 0x0000000096500000| Complete 
|  90|0x0000000096600000, 0x0000000096700000, 0x0000000096700000|100%| E|CS|TAMS 0x0000000096600000, 0x0000000096600000| Complete 
|  91|0x0000000096700000, 0x0000000096800000, 0x0000000096800000|100%| E|CS|TAMS 0x0000000096700000, 0x0000000096700000| Complete 
|  92|0x0000000096800000, 0x0000000096900000, 0x0000000096900000|100%| E|CS|TAMS 0x0000000096800000, 0x0000000096800000| Complete 
|  93|0x0000000096900000, 0x0000000096a00000, 0x0000000096a00000|100%| E|CS|TAMS 0x0000000096900000, 0x0000000096900000| Complete 
|  94|0x0000000096a00000, 0x0000000096b00000, 0x0000000096b00000|100%| E|CS|TAMS 0x0000000096a00000, 0x0000000096a00000| Complete 
|  95|0x0000000096b00000, 0x0000000096c00000, 0x0000000096c00000|100%| E|CS|TAMS 0x0000000096b00000, 0x0000000096b00000| Complete 
|  96|0x0000000096c00000, 0x0000000096d00000, 0x0000000096d00000|100%| E|CS|TAMS 0x0000000096c00000, 0x0000000096c00000| Complete 
|  97|0x0000000096d00000, 0x0000000096e00000, 0x0000000096e00000|100%| E|CS|TAMS 0x0000000096d00000, 0x0000000096d00000| Complete 
|  98|0x0000000096e00000, 0x0000000096f00000, 0x0000000096f00000|100%| E|CS|TAMS 0x0000000096e00000, 0x0000000096e00000| Complete 
|  99|0x0000000096f00000, 0x0000000097000000, 0x0000000097000000|100%| E|CS|TAMS 0x0000000096f00000, 0x0000000096f00000| Complete 
| 100|0x0000000097000000, 0x0000000097100000, 0x0000000097100000|100%| E|CS|TAMS 0x0000000097000000, 0x0000000097000000| Complete 
| 101|0x0000000097100000, 0x0000000097200000, 0x0000000097200000|100%| E|CS|TAMS 0x0000000097100000, 0x0000000097100000| Complete 
| 102|0x0000000097200000, 0x000000009727c010, 0x0000000097300000| 48%| S|CS|TAMS 0x0000000097200000, 0x0000000097200000| Complete 
| 111|0x0000000097b00000, 0x0000000097c00000, 0x0000000097c00000|100%| E|CS|TAMS 0x0000000097b00000, 0x0000000097b00000| Complete 

Card table byte_map: [0x00000226b5e80000,0x00000226b6200000] _byte_map_base: 0x00000226b59fa000

Marking Bits (Prev, Next): (CMBitMap*) 0x00000226a891a880, (CMBitMap*) 0x00000226a891a8c0
 Prev Bits: [0x00000226b6580000, 0x00000226b8150000)
 Next Bits: [0x00000226b8150000, 0x00000226b9d20000)

Polling page: 0x00000226a8a70000

Metaspace:

Usage:
  Non-class:     51.38 MB used.
      Class:      8.17 MB used.
       Both:     59.55 MB used.

Virtual space:
  Non-class space:       64.00 MB reserved,      51.69 MB ( 81%) committed,  1 nodes.
      Class space:        1.00 GB reserved,       8.44 MB ( <1%) committed,  1 nodes.
             Both:        1.06 GB reserved,      60.12 MB (  6%) committed. 

Chunk freelists:
   Non-Class:  3.73 MB
       Class:  3.53 MB
        Both:  7.26 MB

MaxMetaspaceSize: unlimited
CompressedClassSpaceSize: 1.00 GB
Initial GC threshold: 21.00 MB
Current GC threshold: 86.56 MB
CDS: on
MetaspaceReclaimPolicy: balanced
 - commit_granule_bytes: 65536.
 - commit_granule_words: 8192.
 - virtual_space_node_default_size: 8388608.
 - enlarge_chunks_in_place: 1.
 - new_chunks_are_fully_committed: 0.
 - uncommit_free_chunks: 1.
 - use_allocation_guard: 0.


Internal statistics:

num_allocs_failed_limit: 6.
num_arena_births: 738.
num_arena_deaths: 0.
num_vsnodes_births: 2.
num_vsnodes_deaths: 0.
num_space_committed: 962.
num_space_uncommitted: 0.
num_chunks_returned_to_freelist: 6.
num_chunks_taken_from_freelist: 2870.
num_chunk_merges: 6.
num_chunk_splits: 2104.
num_chunks_enlarged: 1728.
num_inconsistent_stats: 0.

CodeCache: size=49152Kb used=12872Kb max_used=14317Kb free=36279Kb
 bounds [0x00000226b29f0000, 0x00000226b37f0000, 0x00000226b59f0000]
 total_blobs=7981 nmethods=7317 adapters=588
 compilation: enabled
              stopped_count=0, restarted_count=0
 full_count=0

Compilation events (20 events):
Event: 107.003 Thread 0x00000226bc7dfea0 7308       1       org.hibernate.service.spi.ServiceBinding::getLifecycleOwner (5 bytes)
Event: 107.003 Thread 0x00000226bc7dfea0 nmethod 7308 0x00000226b2d7ff90 code [0x00000226b2d80120, 0x00000226b2d801d8]
Event: 107.006 Thread 0x00000226bc7dfea0 7309       1       org.springframework.beans.factory.support.DefaultListableBeanFactory::destroySingleton (15 bytes)
Event: 107.006 Thread 0x00000226bc7dfea0 nmethod 7309 0x00000226b2d7f890 code [0x00000226b2d7fa80, 0x00000226b2d7fd58]
Event: 107.006 Thread 0x00000226bc7dfea0 7310   !   1       org.springframework.beans.factory.support.DefaultSingletonBeanRegistry::destroySingleton (45 bytes)
Event: 107.007 Thread 0x00000226bc7dfea0 nmethod 7310 0x00000226b2d7f290 code [0x00000226b2d7f460, 0x00000226b2d7f6e8]
Event: 107.007 Thread 0x00000226bc7dfea0 7311   !   1       org.springframework.beans.factory.support.AbstractAutowireCapableBeanFactory::removeSingleton (34 bytes)
Event: 107.007 Thread 0x00000226bc7dfea0 nmethod 7311 0x00000226b2d7eb10 code [0x00000226b2d7ece0, 0x00000226b2d7f028]
Event: 107.007 Thread 0x00000226bc7dfea0 7312   !   1       org.springframework.beans.factory.support.FactoryBeanRegistrySupport::removeSingleton (34 bytes)
Event: 107.007 Thread 0x00000226bc7dfea0 nmethod 7312 0x00000226b2d7e610 code [0x00000226b2d7e7c0, 0x00000226b2d7e9b8]
Event: 107.007 Thread 0x00000226bc7dfea0 7313   !   1       org.springframework.beans.factory.support.DefaultSingletonBeanRegistry::removeSingleton (62 bytes)
Event: 107.008 Thread 0x00000226bc7dfea0 nmethod 7313 0x00000226b2d7e010 code [0x00000226b2d7e1e0, 0x00000226b2d7e438]
Event: 107.021 Thread 0x00000226bc7dfea0 7314 %     1       java.util.Properties$LineReader::readLine @ 224 (584 bytes)
Event: 107.024 Thread 0x00000226bc7dfea0 nmethod 7314% 0x00000226b2d7c010 code [0x00000226b2d7c2a0, 0x00000226b2d7d638]
Event: 107.024 Thread 0x00000226bc7dfea0 7317       1       com.mysql.cj.protocol.a.PacketSplitter::nextPacket (99 bytes)
Event: 107.024 Thread 0x00000226bc7dfea0 nmethod 7317 0x00000226b2d7bc10 code [0x00000226b2d7bdc0, 0x00000226b2d7bf58]
Event: 107.024 Thread 0x00000226bc7dfea0 7315       1       java.util.concurrent.locks.AbstractQueuedSynchronizer$ConditionObject::signal (34 bytes)
Event: 107.025 Thread 0x00000226bc7dfea0 nmethod 7315 0x00000226b2d7b790 code [0x00000226b2d7b940, 0x00000226b2d7bb08]
Event: 107.025 Thread 0x00000226bc7dfea0 7316       1       com.mysql.cj.protocol.a.PacketSplitter::getOffset (5 bytes)
Event: 107.025 Thread 0x00000226bc7dfea0 nmethod 7316 0x00000226b2d7b490 code [0x00000226b2d7b620, 0x00000226b2d7b6d8]

GC Heap History (20 events):
Event: 9.719 GC heap after
{Heap after GC invocations=13 (full 0):
 garbage-first heap   total 55296K, used 23155K [0x0000000090c00000, 0x0000000100000000)
  region size 1024K, 1 young (1024K), 1 survivors (1024K)
 Metaspace       used 44701K, committed 45120K, reserved 1114112K
  class space    used 6210K, committed 6400K, reserved 1048576K
}
Event: 10.271 GC heap before
{Heap before GC invocations=13 (full 0):
 garbage-first heap   total 55296K, used 42611K [0x0000000090c00000, 0x0000000100000000)
  region size 1024K, 20 young (20480K), 1 survivors (1024K)
 Metaspace       used 46993K, committed 47424K, reserved 1114112K
  class space    used 6519K, committed 6720K, reserved 1048576K
}
Event: 10.274 GC heap after
{Heap after GC invocations=14 (full 0):
 garbage-first heap   total 55296K, used 23885K [0x0000000090c00000, 0x0000000100000000)
  region size 1024K, 2 young (2048K), 2 survivors (2048K)
 Metaspace       used 46993K, committed 47424K, reserved 1114112K
  class space    used 6519K, committed 6720K, reserved 1048576K
}
Event: 10.621 GC heap before
{Heap before GC invocations=14 (full 0):
 garbage-first heap   total 55296K, used 43341K [0x0000000090c00000, 0x0000000100000000)
  region size 1024K, 21 young (21504K), 2 survivors (2048K)
 Metaspace       used 49445K, committed 49920K, reserved 1114112K
  class space    used 6841K, committed 7040K, reserved 1048576K
}
Event: 10.625 GC heap after
{Heap after GC invocations=15 (full 0):
 garbage-first heap   total 55296K, used 25408K [0x0000000090c00000, 0x0000000100000000)
  region size 1024K, 3 young (3072K), 3 survivors (3072K)
 Metaspace       used 49445K, committed 49920K, reserved 1114112K
  class space    used 6841K, committed 7040K, reserved 1048576K
}
Event: 10.970 GC heap before
{Heap before GC invocations=15 (full 0):
 garbage-first heap   total 55296K, used 43840K [0x0000000090c00000, 0x0000000100000000)
  region size 1024K, 21 young (21504K), 3 survivors (3072K)
 Metaspace       used 51887K, committed 52416K, reserved 1114112K
  class space    used 7140K, committed 7424K, reserved 1048576K
}
Event: 10.974 GC heap after
{Heap after GC invocations=16 (full 0):
 garbage-first heap   total 55296K, used 26780K [0x0000000090c00000, 0x0000000100000000)
  region size 1024K, 2 young (2048K), 2 survivors (2048K)
 Metaspace       used 51887K, committed 52416K, reserved 1114112K
  class space    used 7140K, committed 7424K, reserved 1048576K
}
Event: 11.086 GC heap before
{Heap before GC invocations=16 (full 0):
 garbage-first heap   total 55296K, used 43164K [0x0000000090c00000, 0x0000000100000000)
  region size 1024K, 18 young (18432K), 2 survivors (2048K)
 Metaspace       used 52179K, committed 52672K, reserved 1114112K
  class space    used 7177K, committed 7424K, reserved 1048576K
}
Event: 11.088 GC heap after
{Heap after GC invocations=17 (full 0):
 garbage-first heap   total 55296K, used 27382K [0x0000000090c00000, 0x0000000100000000)
  region size 1024K, 2 young (2048K), 2 survivors (2048K)
 Metaspace       used 52179K, committed 52672K, reserved 1114112K
  class space    used 7177K, committed 7424K, reserved 1048576K
}
Event: 11.268 GC heap before
{Heap before GC invocations=18 (full 0):
 garbage-first heap   total 55296K, used 44790K [0x0000000090c00000, 0x0000000100000000)
  region size 1024K, 19 young (19456K), 2 survivors (2048K)
 Metaspace       used 52313K, committed 52864K, reserved 1114112K
  class space    used 7190K, committed 7488K, reserved 1048576K
}
Event: 11.271 GC heap after
{Heap after GC invocations=19 (full 0):
 garbage-first heap   total 55296K, used 27861K [0x0000000090c00000, 0x0000000100000000)
  region size 1024K, 2 young (2048K), 2 survivors (2048K)
 Metaspace       used 52313K, committed 52864K, reserved 1114112K
  class space    used 7190K, committed 7488K, reserved 1048576K
}
Event: 11.278 GC heap before
{Heap before GC invocations=19 (full 0):
 garbage-first heap   total 55296K, used 28885K [0x0000000090c00000, 0x0000000100000000)
  region size 1024K, 3 young (3072K), 2 survivors (2048K)
 Metaspace       used 52341K, committed 52864K, reserved 1114112K
  class space    used 7192K, committed 7488K, reserved 1048576K
}
Event: 11.280 GC heap after
{Heap after GC invocations=20 (full 0):
 garbage-first heap   total 55296K, used 27852K [0x0000000090c00000, 0x0000000100000000)
  region size 1024K, 1 young (1024K), 1 survivors (1024K)
 Metaspace       used 52341K, committed 52864K, reserved 1114112K
  class space    used 7192K, committed 7488K, reserved 1048576K
}
Event: 11.428 GC heap before
{Heap before GC invocations=20 (full 0):
 garbage-first heap   total 55296K, used 44236K [0x0000000090c00000, 0x0000000100000000)
  region size 1024K, 17 young (17408K), 1 survivors (1024K)
 Metaspace       used 52643K, committed 53184K, reserved 1114112K
  class space    used 7249K, committed 7488K, reserved 1048576K
}
Event: 11.430 GC heap after
{Heap after GC invocations=21 (full 0):
 garbage-first heap   total 106496K, used 28482K [0x0000000090c00000, 0x0000000100000000)
  region size 1024K, 1 young (1024K), 1 survivors (1024K)
 Metaspace       used 52643K, committed 53184K, reserved 1114112K
  class space    used 7249K, committed 7488K, reserved 1048576K
}
Event: 12.025 GC heap before
{Heap before GC invocations=22 (full 0):
 garbage-first heap   total 106496K, used 82754K [0x0000000090c00000, 0x0000000100000000)
  region size 1024K, 54 young (55296K), 1 survivors (1024K)
 Metaspace       used 55335K, committed 55936K, reserved 1114112K
  class space    used 7642K, committed 7936K, reserved 1048576K
}
Event: 12.029 GC heap after
{Heap after GC invocations=23 (full 0):
 garbage-first heap   total 106496K, used 31272K [0x0000000090c00000, 0x0000000100000000)
  region size 1024K, 4 young (4096K), 4 survivors (4096K)
 Metaspace       used 55335K, committed 55936K, reserved 1114112K
  class space    used 7642K, committed 7936K, reserved 1048576K
}
Event: 12.054 GC heap before
{Heap before GC invocations=23 (full 0):
 garbage-first heap   total 106496K, used 32296K [0x0000000090c00000, 0x0000000100000000)
  region size 1024K, 5 young (5120K), 4 survivors (4096K)
 Metaspace       used 55459K, committed 56000K, reserved 1114112K
  class space    used 7659K, committed 7936K, reserved 1048576K
}
Event: 12.059 GC heap after
{Heap after GC invocations=24 (full 0):
 garbage-first heap   total 106496K, used 31535K [0x0000000090c00000, 0x0000000100000000)
  region size 1024K, 1 young (1024K), 1 survivors (1024K)
 Metaspace       used 55459K, committed 56000K, reserved 1114112K
  class space    used 7659K, committed 7936K, reserved 1048576K
}
Event: 107.027 GC heap before
{Heap before GC invocations=24 (full 0):
 garbage-first heap   total 106496K, used 79663K [0x0000000090c00000, 0x0000000100000000)
  region size 1024K, 50 young (51200K), 1 survivors (1024K)
 Metaspace       used 60981K, committed 61568K, reserved 1114112K
  class space    used 8371K, committed 8640K, reserved 1048576K
}

Dll operation events (14 events):
Event: 0.055 Loaded shared library D:\JDK\bin\java.dll
Event: 0.065 Loaded shared library D:\JDK\bin\jsvml.dll
Event: 0.270 Loaded shared library D:\JDK\bin\zip.dll
Event: 0.291 Loaded shared library D:\JDK\bin\instrument.dll
Event: 0.299 Loaded shared library D:\JDK\bin\net.dll
Event: 0.302 Loaded shared library D:\JDK\bin\nio.dll
Event: 0.306 Loaded shared library D:\JDK\bin\zip.dll
Event: 0.486 Loaded shared library D:\IntelliJ IDEA\IntelliJ IDEA 2021.2.2\bin\breakgen64.dll
Event: 0.538 Loaded shared library D:\JDK\bin\extnet.dll
Event: 0.597 Loaded shared library D:\JDK\bin\jimage.dll
Event: 0.677 Loaded shared library D:\JDK\bin\management.dll
Event: 0.709 Loaded shared library D:\JDK\bin\management_ext.dll
Event: 1.350 Loaded shared library D:\JDK\bin\verify.dll
Event: 6.917 Loaded shared library D:\JDK\bin\sunmscapi.dll

Deoptimization events (16 events):
Event: 0.977 Thread 0x00000226aaa93530 DEOPT PACKING pc=0x00000226b2c96255 sp=0x000000fc580fd220
Event: 0.978 Thread 0x00000226aaa93530 DEOPT UNPACKING pc=0x00000226b2a57543 sp=0x000000fc580fc6d0 mode 3
Event: 1.000 Thread 0x00000226aaa93530 DEOPT PACKING pc=0x00000226b2dc82d0 sp=0x000000fc580fd1f0
Event: 1.000 Thread 0x00000226aaa93530 DEOPT UNPACKING pc=0x00000226b2a57543 sp=0x000000fc580fc6a8 mode 3
Event: 3.535 Thread 0x00000226c16f0bb0 DEOPT PACKING pc=0x00000226b300b3b9 sp=0x000000fc5a1fce00
Event: 3.535 Thread 0x00000226c16f0bb0 DEOPT UNPACKING pc=0x00000226b2a57543 sp=0x000000fc5a1fc2e0 mode 3
Event: 5.277 Thread 0x00000226c16f0bb0 DEOPT PACKING pc=0x00000226b30341a4 sp=0x000000fc5a1fd300
Event: 5.277 Thread 0x00000226c16f0bb0 DEOPT UNPACKING pc=0x00000226b2a57543 sp=0x000000fc5a1fc858 mode 0
Event: 6.828 Thread 0x00000226c16f0bb0 DEOPT PACKING pc=0x00000226b330c61d sp=0x000000fc5a1fcf00
Event: 6.828 Thread 0x00000226c16f0bb0 DEOPT UNPACKING pc=0x00000226b2a57543 sp=0x000000fc5a1fc468 mode 3
Event: 10.658 Thread 0x00000226c16f0bb0 DEOPT PACKING pc=0x00000226b300e7c2 sp=0x000000fc5a1fc690
Event: 10.658 Thread 0x00000226c16f0bb0 DEOPT UNPACKING pc=0x00000226b2a57543 sp=0x000000fc5a1fbb98 mode 3
Event: 11.374 Thread 0x00000226c16f0bb0 DEOPT PACKING pc=0x00000226b367a5b9 sp=0x000000fc5a1fc2c0
Event: 11.374 Thread 0x00000226c16f0bb0 DEOPT UNPACKING pc=0x00000226b2a57543 sp=0x000000fc5a1fb7a0 mode 3
Event: 34.063 Thread 0x00000226c17e7c50 DEOPT PACKING pc=0x00000226b33b392c sp=0x000000fc5a2fedb0
Event: 34.063 Thread 0x00000226c17e7c50 DEOPT UNPACKING pc=0x00000226b2a57543 sp=0x000000fc5a2fe248 mode 0

Classes loaded (20 events):
Event: 107.013 Loading class java/security/spec/InvalidKeySpecException
Event: 107.013 Loading class java/security/spec/InvalidKeySpecException done
Event: 107.013 Loading class javax/crypto/NoSuchPaddingException
Event: 107.013 Loading class javax/crypto/NoSuchPaddingException done
Event: 107.013 Loading class javax/crypto/IllegalBlockSizeException
Event: 107.014 Loading class javax/crypto/IllegalBlockSizeException done
Event: 107.014 Loading class javax/crypto/BadPaddingException
Event: 107.015 Loading class javax/crypto/BadPaddingException done
Event: 107.015 Loading class javax/net/ssl/SSLSocket
Event: 107.016 Loading class javax/net/ssl/SSLSocket done
Event: 107.017 Loading class java/security/UnrecoverableKeyException
Event: 107.018 Loading class java/security/UnrecoverableEntryException
Event: 107.018 Loading class java/security/UnrecoverableEntryException done
Event: 107.018 Loading class java/security/UnrecoverableKeyException done
Event: 107.018 Loading class java/security/KeyStoreException
Event: 107.019 Loading class java/security/KeyStoreException done
Event: 107.019 Loading class java/security/KeyManagementException
Event: 107.019 Loading class java/security/KeyManagementException done
Event: 107.019 Loading class javax/net/ssl/TrustManager
Event: 107.020 Loading class javax/net/ssl/TrustManager done

Classes unloaded (0 events):
No events

Classes redefined (0 events):
No events

Internal exceptions (20 events):
Event: 11.848 Thread 0x00000226c16f0bb0 Exception <a 'java/lang/ClassNotFoundException'{0x000000009480b6e0}: org/springframework/context/ResourceLoaderAwareCustomizer> (0x000000009480b6e0) 
thrown [s\open\src\hotspot\share\classfile\systemDictionary.cpp, line 255]
Event: 11.849 Thread 0x00000226c16f0bb0 Exception <a 'java/lang/ClassNotFoundException'{0x0000000094810db8}: org/springframework/beans/factory/AwareCustomizer> (0x0000000094810db8) 
thrown [s\open\src\hotspot\share\classfile\systemDictionary.cpp, line 255]
Event: 11.849 Thread 0x00000226c16f0bb0 Exception <a 'java/lang/ClassNotFoundException'{0x0000000094815970}: org/springframework/context/ApplicationContextAwareCustomizer> (0x0000000094815970) 
thrown [s\open\src\hotspot\share\classfile\systemDictionary.cpp, line 255]
Event: 11.849 Thread 0x00000226c16f0bb0 Exception <a 'java/lang/ClassNotFoundException'{0x000000009481bb38}: org/springframework/beans/factory/AwareCustomizer> (0x000000009481bb38) 
thrown [s\open\src\hotspot\share\classfile\systemDictionary.cpp, line 255]
Event: 11.850 Thread 0x00000226c16f0bb0 Exception <a 'java/lang/ClassNotFoundException'{0x00000000948206c8}: org/springframework/web/context/ServletContextAwareCustomizer> (0x00000000948206c8) 
thrown [s\open\src\hotspot\share\classfile\systemDictionary.cpp, line 255]
Event: 11.850 Thread 0x00000226c16f0bb0 Exception <a 'java/lang/ClassNotFoundException'{0x00000000948261d8}: org/springframework/beans/factory/AwareCustomizer> (0x00000000948261d8) 
thrown [s\open\src\hotspot\share\classfile\systemDictionary.cpp, line 255]
Event: 11.852 Thread 0x00000226c16f0bb0 Exception <a 'java/lang/NoSuchMethodError'{0x000000009483ac08}: 'java.lang.Object java.lang.invoke.DirectMethodHandle$Holder.newInvokeSpecial(java.lang.Object, java.lang.Object, java.lang.Object, java.lang.Object, java.lang.Object, java.lang.Object, java.lang.Object, java.lang.Object)'> (0x000000009483ac08) 
thrown [s\open\src\hotspot\share\interpreter\linkResolver.cpp, line 774]
Event: 11.980 Thread 0x00000226c16f0bb0 Exception <a 'java/lang/NoSuchMethodError'{0x00000000941cf860}: 'void java.lang.invoke.DirectMethodHandle$Holder.invokeVirtual(java.lang.Object, java.lang.Object, long)'> (0x00000000941cf860) 
thrown [s\open\src\hotspot\share\interpreter\linkResolver.cpp, line 774]
Event: 12.132 Thread 0x00000226c16f0bb0 Exception <a 'java/lang/IncompatibleClassChangeError'{0x0000000096f21388}: Found class java.lang.Object, but interface was expected> (0x0000000096f21388) 
thrown [s\open\src\hotspot\share\interpreter\linkResolver.cpp, line 841]
Event: 12.169 Thread 0x00000226c16f0bb0 Exception <a 'java/lang/NoSuchMethodError'{0x0000000096eadc90}: 'int java.lang.invoke.DirectMethodHandle$Holder.invokeStaticInit(java.lang.Object, java.lang.Object, java.lang.Object, java.lang.Object)'> (0x0000000096eadc90) 
thrown [s\open\src\hotspot\share\interpreter\linkResolver.cpp, line 774]
Event: 12.237 Thread 0x00000226c16f0bb0 Exception <a 'java/lang/ClassNotFoundException'{0x0000000096b47288}: java/lang/ObjectCustomizer> (0x0000000096b47288) 
thrown [s\open\src\hotspot\share\classfile\systemDictionary.cpp, line 255]
Event: 12.237 Thread 0x00000226c16f0bb0 Exception <a 'java/lang/ClassNotFoundException'{0x0000000096b4ff60}: com/group12/bookinghomestay/admin/model/HotelFacilityCustomizer> (0x0000000096b4ff60) 
thrown [s\open\src\hotspot\share\classfile\systemDictionary.cpp, line 255]
Event: 12.349 Thread 0x00000226c16f0bb0 Exception <a 'java/lang/NoSuchMethodError'{0x0000000096253200}: 'java.lang.Object java.lang.invoke.DirectMethodHandle$Holder.invokeSpecial(java.lang.Object, java.lang.Object, int, java.lang.Object, int, java.lang.Object)'> (0x0000000096253200) 
thrown [s\open\src\hotspot\share\interpreter\linkResolver.cpp, line 774]
Event: 12.349 Thread 0x00000226c16f0bb0 Exception <a 'java/lang/NoSuchMethodError'{0x000000009625afd8}: 'java.lang.Object java.lang.invoke.DirectMethodHandle$Holder.newInvokeSpecial(java.lang.Object, java.lang.Object, int, java.lang.Object, int)'> (0x000000009625afd8) 
thrown [s\open\src\hotspot\share\interpreter\linkResolver.cpp, line 774]
Event: 12.350 Thread 0x00000226c16f0bb0 Exception <a 'java/lang/NoSuchMethodError'{0x000000009625f0f0}: 'java.lang.Object java.lang.invoke.DirectMethodHandle$Holder.invokeSpecial(java.lang.Object, java.lang.Object, java.lang.Object, int, java.lang.Object, int)'> (0x000000009625f0f0) 
thrown [s\open\src\hotspot\share\interpreter\linkResolver.cpp, line 774]
Event: 12.756 Thread 0x00000226c31b5040 Exception <a 'java/lang/NoSuchMethodError'{0x0000000095e3e9c0}: 'java.lang.Object java.lang.invoke.DirectMethodHandle$Holder.invokeInterface(java.lang.Object, java.lang.Object, java.lang.Object, java.lang.Object, java.lang.Object, java.lang.Object, java.lang.Object)'> (0x0000000095e3e9c0) 
thrown [s\open\src\hotspot\share\interpreter\linkResolver.cpp, line 774]
Event: 15.630 Thread 0x00000226c31b5ae0 Exception <a 'java/lang/NoSuchMethodError'{0x00000000954573b8}: 'java.lang.Object java.lang.invoke.DirectMethodHandle$Holder.invokeInterface(java.lang.Object, java.lang.Object, java.lang.Object, java.lang.Object)'> (0x00000000954573b8) 
thrown [s\open\src\hotspot\share\interpreter\linkResolver.cpp, line 774]
Event: 15.655 Thread 0x00000226c31b5ae0 Exception <a 'java/lang/NoSuchMethodError'{0x0000000095339af0}: 'java.lang.Object java.lang.invoke.DirectMethodHandle$Holder.invokeStaticInit(java.lang.Object, java.lang.Object, java.lang.Object, java.lang.Object, java.lang.Object, java.lang.Object)'> (0x0000000095339af0) 
thrown [s\open\src\hotspot\share\interpreter\linkResolver.cpp, line 774]
Event: 15.846 Thread 0x00000226c31b5ae0 Exception <a 'sun/nio/fs/WindowsException'{0x0000000095003e68}> (0x0000000095003e68) 
thrown [s\open\src\hotspot\share\prims\jni.cpp, line 517]
Event: 106.985 Thread 0x00000226c17e61c0 Exception <a 'java/lang/InterruptedException'{0x00000000943808f8}: sleep interrupted> (0x00000000943808f8) 
thrown [s\open\src\hotspot\share\prims\jvm.cpp, line 3103]

VM Operations (20 events):
Event: 15.477 Executing VM operation: HandshakeAllThreads done
Event: 15.521 Executing VM operation: HandshakeAllThreads
Event: 15.521 Executing VM operation: HandshakeAllThreads done
Event: 15.557 Executing VM operation: HandshakeAllThreads
Event: 15.557 Executing VM operation: HandshakeAllThreads done
Event: 15.853 Executing VM operation: HandshakeAllThreads
Event: 15.853 Executing VM operation: HandshakeAllThreads done
Event: 15.855 Executing VM operation: HandshakeAllThreads
Event: 15.856 Executing VM operation: HandshakeAllThreads done
Event: 16.865 Executing VM operation: Cleanup
Event: 16.865 Executing VM operation: Cleanup done
Event: 41.079 Executing VM operation: Cleanup
Event: 41.080 Executing VM operation: Cleanup done
Event: 58.197 Executing VM operation: Cleanup
Event: 58.197 Executing VM operation: Cleanup done
Event: 79.330 Executing VM operation: Cleanup
Event: 79.331 Executing VM operation: Cleanup done
Event: 96.428 Executing VM operation: Cleanup
Event: 96.428 Executing VM operation: Cleanup done
Event: 107.026 Executing VM operation: G1CollectFull

Events (20 events):
Event: 106.947 Thread 0x00000226c31b5040 Thread added: 0x00000226c31b5040
Event: 106.947 Thread 0x00000226c17e6710 Thread exited: 0x00000226c17e6710
Event: 106.974 Thread 0x00000226c31b4af0 Thread exited: 0x00000226c31b4af0
Event: 106.984 Thread 0x00000226c31b4050 Thread exited: 0x00000226c31b4050
Event: 106.985 Thread 0x00000226c31b0090 Thread exited: 0x00000226c31b0090
Event: 106.985 Thread 0x00000226c31b3060 Thread exited: 0x00000226c31b3060
Event: 106.985 Thread 0x00000226c31b5ae0 Thread exited: 0x00000226c31b5ae0
Event: 106.985 Thread 0x00000226c31b3b00 Thread exited: 0x00000226c31b3b00
Event: 106.985 Thread 0x00000226c31b35b0 Thread exited: 0x00000226c31b35b0
Event: 106.985 Thread 0x00000226c31b2b10 Thread exited: 0x00000226c31b2b10
Event: 106.985 Thread 0x00000226c31b25c0 Thread exited: 0x00000226c31b25c0
Event: 106.985 Thread 0x00000226c31b1b20 Thread exited: 0x00000226c31b1b20
Event: 106.985 Thread 0x00000226c31b2070 Thread exited: 0x00000226c31b2070
Event: 106.985 Thread 0x00000226c31b45a0 Thread exited: 0x00000226c31b45a0
Event: 106.985 Thread 0x00000226c17e61c0 Thread exited: 0x00000226c17e61c0
Event: 106.987 Thread 0x00000226c17e51d0 Thread exited: 0x00000226c17e51d0
Event: 106.987 Thread 0x00000226c17e81a0 Thread exited: 0x00000226c17e81a0
Event: 107.009 Thread 0x00000226c31b1b20 Thread added: 0x00000226c31b1b20
Event: 107.009 Thread 0x00000226c17e5720 Thread exited: 0x00000226c17e5720
Event: 107.025 Thread 0x00000226c31b1b20 Thread exited: 0x00000226c31b1b20


Dynamic libraries:
0x00007ff71daf0000 - 0x00007ff71db00000 	D:\JDK\bin\java.exe
0x00007ffdf3e50000 - 0x00007ffdf4048000 	C:\WINDOWS\SYSTEM32\ntdll.dll
0x00007ffdf2e20000 - 0x00007ffdf2edf000 	C:\WINDOWS\System32\KERNEL32.DLL
0x00007ffdf1540000 - 0x00007ffdf1812000 	C:\WINDOWS\System32\KERNELBASE.dll
0x00007ffdf1820000 - 0x00007ffdf1920000 	C:\WINDOWS\System32\ucrtbase.dll
0x00007ffde4200000 - 0x00007ffde421b000 	D:\JDK\bin\VCRUNTIME140.dll
0x00007ffde3240000 - 0x00007ffde3258000 	D:\JDK\bin\jli.dll
0x00007ffdf1e90000 - 0x00007ffdf1f3e000 	C:\WINDOWS\System32\ADVAPI32.dll
0x00007ffdf3180000 - 0x00007ffdf321e000 	C:\WINDOWS\System32\msvcrt.dll
0x00007ffdf2ef0000 - 0x00007ffdf2f8c000 	C:\WINDOWS\System32\sechost.dll
0x00007ffdf2f90000 - 0x00007ffdf30b5000 	C:\WINDOWS\System32\RPCRT4.dll
0x00007ffdf1fa0000 - 0x00007ffdf2141000 	C:\WINDOWS\System32\USER32.dll
0x00007ffde0d20000 - 0x00007ffde0fba000 	C:\WINDOWS\WinSxS\amd64_microsoft.windows.common-controls_6595b64144ccf1df_6.0.19041.1110_none_60b5254171f9507e\COMCTL32.dll
0x00007ffdf1c90000 - 0x00007ffdf1cb2000 	C:\WINDOWS\System32\win32u.dll
0x00007ffdf3c60000 - 0x00007ffdf3c8b000 	C:\WINDOWS\System32\GDI32.dll
0x00007ffdf1a90000 - 0x00007ffdf1b9f000 	C:\WINDOWS\System32\gdi32full.dll
0x00007ffdf1bf0000 - 0x00007ffdf1c8d000 	C:\WINDOWS\System32\msvcp_win.dll
0x00007ffdea880000 - 0x00007ffdea88a000 	C:\WINDOWS\SYSTEM32\VERSION.dll
0x00007ffdf2990000 - 0x00007ffdf29c2000 	C:\WINDOWS\System32\IMM32.DLL
0x00007ffde70f0000 - 0x00007ffde70fc000 	D:\JDK\bin\vcruntime140_1.dll
0x00007ffdb5300000 - 0x00007ffdb538e000 	D:\JDK\bin\msvcp140.dll
0x00007ffdafc60000 - 0x00007ffdb0920000 	D:\JDK\bin\server\jvm.dll
0x00007ffdea270000 - 0x00007ffdea297000 	C:\WINDOWS\SYSTEM32\WINMM.dll
0x00007ffded410000 - 0x00007ffded419000 	C:\WINDOWS\SYSTEM32\WSOCK32.dll
0x00007ffdf37c0000 - 0x00007ffdf382b000 	C:\WINDOWS\System32\WS2_32.dll
0x00007ffdef3c0000 - 0x00007ffdef3d2000 	C:\WINDOWS\SYSTEM32\kernel.appcore.dll
0x00007ffde6f60000 - 0x00007ffde6f6a000 	D:\JDK\bin\jimage.dll
0x00007ffde2590000 - 0x00007ffde2774000 	C:\WINDOWS\SYSTEM32\DBGHELP.DLL
0x00007ffdda740000 - 0x00007ffdda775000 	C:\WINDOWS\SYSTEM32\dbgcore.DLL
0x00007ffdf19d0000 - 0x00007ffdf1a52000 	C:\WINDOWS\System32\bcryptPrimitives.dll
0x00007ffde7060000 - 0x00007ffde706e000 	D:\JDK\bin\instrument.dll
0x00007ffdc8710000 - 0x00007ffdc8736000 	D:\JDK\bin\java.dll
0x00007ffdb5220000 - 0x00007ffdb52f7000 	D:\JDK\bin\jsvml.dll
0x00007ffdf2150000 - 0x00007ffdf2895000 	C:\WINDOWS\System32\SHELL32.dll
0x00007ffdef5c0000 - 0x00007ffdefd52000 	C:\WINDOWS\SYSTEM32\windows.storage.dll
0x00007ffdf2aa0000 - 0x00007ffdf2df5000 	C:\WINDOWS\System32\combase.dll
0x00007ffdf0f30000 - 0x00007ffdf0f60000 	C:\WINDOWS\SYSTEM32\Wldp.dll
0x00007ffdf38b0000 - 0x00007ffdf395d000 	C:\WINDOWS\System32\SHCORE.dll
0x00007ffdf39f0000 - 0x00007ffdf3a45000 	C:\WINDOWS\System32\shlwapi.dll
0x00007ffdf1480000 - 0x00007ffdf149f000 	C:\WINDOWS\SYSTEM32\profapi.dll
0x00007ffde24b0000 - 0x00007ffde24c8000 	D:\JDK\bin\zip.dll
0x00007ffde7150000 - 0x00007ffde7163000 	D:\JDK\bin\net.dll
0x00007ffde9a10000 - 0x00007ffde9b1c000 	C:\WINDOWS\SYSTEM32\WINHTTP.dll
0x00007ffdf0c50000 - 0x00007ffdf0cba000 	C:\WINDOWS\system32\mswsock.dll
0x00007ffde3990000 - 0x00007ffde39a6000 	D:\JDK\bin\nio.dll
0x00007ffde4240000 - 0x00007ffde425a000 	D:\IntelliJ IDEA\IntelliJ IDEA 2021.2.2\bin\breakgen64.dll
0x00007ffde4620000 - 0x00007ffde4628000 	D:\JDK\bin\extnet.dll
0x00007ffdf0920000 - 0x00007ffdf09eb000 	C:\WINDOWS\SYSTEM32\DNSAPI.dll
0x00007ffdf08e0000 - 0x00007ffdf091b000 	C:\WINDOWS\SYSTEM32\IPHLPAPI.DLL
0x00007ffdf2ee0000 - 0x00007ffdf2ee8000 	C:\WINDOWS\System32\NSI.dll
0x00007ffde3f70000 - 0x00007ffde3f7a000 	C:\Windows\System32\rasadhlp.dll
0x00007ffde8780000 - 0x00007ffde8800000 	C:\WINDOWS\System32\fwpuclnt.dll
0x00007ffdf1a60000 - 0x00007ffdf1a87000 	C:\WINDOWS\System32\bcrypt.dll
0x00007ffde7050000 - 0x00007ffde705a000 	D:\JDK\bin\management.dll
0x00007ffde4230000 - 0x00007ffde423b000 	D:\JDK\bin\management_ext.dll
0x00007ffdf3170000 - 0x00007ffdf3178000 	C:\WINDOWS\System32\PSAPI.DLL
0x00007ffdf0e60000 - 0x00007ffdf0e78000 	C:\WINDOWS\SYSTEM32\CRYPTSP.dll
0x00007ffdf0500000 - 0x00007ffdf0534000 	C:\WINDOWS\system32\rsaenh.dll
0x00007ffdf1440000 - 0x00007ffdf146e000 	C:\WINDOWS\SYSTEM32\USERENV.dll
0x00007ffdf0eb0000 - 0x00007ffdf0ebc000 	C:\WINDOWS\SYSTEM32\CRYPTBASE.dll
0x00007ffdea4e0000 - 0x00007ffdea4f7000 	C:\WINDOWS\SYSTEM32\dhcpcsvc6.DLL
0x00007ffdea950000 - 0x00007ffdea96d000 	C:\WINDOWS\SYSTEM32\dhcpcsvc.DLL
0x00007ffdc1950000 - 0x00007ffdc1967000 	C:\WINDOWS\system32\napinsp.dll
0x00007ffdc1930000 - 0x00007ffdc194b000 	C:\WINDOWS\system32\pnrpnsp.dll
0x00007ffdc33c0000 - 0x00007ffdc33d5000 	C:\WINDOWS\system32\wshbth.dll
0x00007ffdecfa0000 - 0x00007ffdecfbd000 	C:\WINDOWS\system32\NLAapi.dll
0x00007ffdc1910000 - 0x00007ffdc1922000 	C:\WINDOWS\System32\winrnr.dll
0x00007ffde2e10000 - 0x00007ffde2e20000 	D:\JDK\bin\verify.dll
0x00007ffde4220000 - 0x00007ffde422e000 	D:\JDK\bin\sunmscapi.dll
0x00007ffdf1cc0000 - 0x00007ffdf1e16000 	C:\WINDOWS\System32\CRYPT32.dll
0x00007ffdf0fa0000 - 0x00007ffdf0fc7000 	C:\WINDOWS\SYSTEM32\ncrypt.dll
0x00007ffdf0f60000 - 0x00007ffdf0f9b000 	C:\WINDOWS\SYSTEM32\NTASN1.dll
0x00007ffdcdd90000 - 0x00007ffdcdd97000 	C:\WINDOWS\system32\wshunix.dll

dbghelp: loaded successfully - version: 4.0.5 - missing functions: none
symbol engine: initialized successfully - sym options: 0x614 - pdb path: .;D:\JDK\bin;C:\WINDOWS\SYSTEM32;C:\WINDOWS\WinSxS\amd64_microsoft.windows.common-controls_6595b64144ccf1df_6.0.19041.1110_none_60b5254171f9507e;D:\JDK\bin\server;D:\IntelliJ IDEA\IntelliJ IDEA 2021.2.2\bin

VM Arguments:
jvm_args: -XX:TieredStopAtLevel=1 -Dspring.output.ansi.enabled=always -Dcom.sun.management.jmxremote -Dspring.jmx.enabled=true -Dspring.liveBeansView.mbeanDomain -Dspring.application.admin.enabled=true -Dmanagement.endpoints.jmx.exposure.include=* -javaagent:D:\IntelliJ IDEA\IntelliJ IDEA 2021.2.2\lib\idea_rt.jar=56307:D:\IntelliJ IDEA\IntelliJ IDEA 2021.2.2\bin -Dfile.encoding=UTF-8 -Dsun.stdout.encoding=UTF-8 -Dsun.stderr.encoding=UTF-8 
java_command: com.group12.bookinghomestay.BookingHomestayApplication
java_class_path (initial): D:\Intelij Workspace\booking-homestay\target\classes;C:\Users\PC\.m2\repository\org\springframework\boot\spring-boot-starter-data-jpa\2.7.5\spring-boot-starter-data-jpa-2.7.5.jar;C:\Users\PC\.m2\repository\org\springframework\boot\spring-boot-starter-aop\2.7.5\spring-boot-starter-aop-2.7.5.jar;C:\Users\PC\.m2\repository\org\aspectj\aspectjweaver\1.9.7\aspectjweaver-1.9.7.jar;C:\Users\PC\.m2\repository\org\springframework\boot\spring-boot-starter-jdbc\2.7.5\spring-boot-starter-jdbc-2.7.5.jar;C:\Users\PC\.m2\repository\com\zaxxer\HikariCP\4.0.3\HikariCP-4.0.3.jar;C:\Users\PC\.m2\repository\org\springframework\spring-jdbc\5.3.23\spring-jdbc-5.3.23.jar;C:\Users\PC\.m2\repository\jakarta\transaction\jakarta.transaction-api\1.3.3\jakarta.transaction-api-1.3.3.jar;C:\Users\PC\.m2\repository\jakarta\persistence\jakarta.persistence-api\2.2.3\jakarta.persistence-api-2.2.3.jar;C:\Users\PC\.m2\repository\org\hibernate\hibernate-core\5.6.12.Final\hibernate-core-5.6.12.Final.jar;C:\Users\PC\.m2\repository\org\jboss\logging\jboss-logging\3.4.3.Final\jboss-logging-3.4.3.Final.jar;C:\Users\PC\.m2\repository\net\bytebuddy\byte-buddy\1.12.18\byte-buddy-1.12.18.jar;C:\Users\PC\.m2\repository\antlr\antlr\2.7.7\antlr-2.7.7.jar;C:\Users\PC\.m2\repository\org\jboss\jandex\2.4.2.Final\jandex-2.4.2.Final.jar;C:\Users\PC\.m2\repository\com\fasterxml\classmate\1.5.1\classmate-1.5.1.jar;C:\Users\PC\.m2\repository\org\hibernate\common\hibernate-commons-annotations\5.1.2.Final\hibernate-commons-annotations-5.1.2.Final.jar;C:\Users\PC\.m2\repository\org\glassfish\jaxb\jaxb-runtime\2.3.7\jaxb-runtime-2.3.7.jar;C:\Users\PC\.m2\repository\org\glassfish\jaxb\txw2\2.3.7\txw2-2.3.7.jar;C:\Users\PC\.m2\repository\com\sun\istack\istack-commons-runtime\3.0.12\istack-commons-runtime-3.0.12.jar;C:\Users\PC\.m2\repository\org\springframework\data\spring-data-jpa\2.7.5\spring-data-jpa-2.7.5.jar;C:\Users\PC\.m2\repository\org\springframework\data\spring-data-commons\2.7.5\spring-data-commons-2.7.5.jar;C:\Users\PC\.m2\repository\org\springframework\spring-orm\5.3.23\spring-orm-5.3.23.jar;C:\Users\PC\.m2\repository\org\springframework\spring-context\5.3.23\spring-context-5.3.23.jar;C:\Users\PC\.m2\repository\org\springframework\spring-tx\5.3.23\spring-tx-5.3.23.jar;C:\Users\PC\.m2\repository\org\springframework\spring-beans\5.3.23\spring-beans-5.3.23.jar;C:\Users\PC\.m2\repository\org\slf4j\slf4j-api\1.7.36\slf4j-api-1.7.36.jar;C:\Users\PC\.m2\repository\org\springframework\spring-aspects\5.3.23\spring-aspects-5.3.23.jar;C:\Users\PC\.m2\repository\org\springframework\boot\spring-boot-starter-web\2.7.5\spring-boot-starter-web-2.7.5.jar;C:\Users\PC\.m2\repository\org\springframework\boot\spring-boot-starter\2.7.5\spring-boot-starter-2.7.5.jar;C:\Users\PC\.m2\repository\org\springframework\boot\spring-boot-starter-logging\2.7.5\spring-boot-starter-logging-2.7.5.jar;C:\Users\PC\.m2\repository\ch\qos\logback\logback-classic\1.2.11\logback-classic-1.2.11.jar;C:\Users\PC\.m2\repository\ch\qos\logback\logback-core\1.2.11\logback-core-1.2.11.jar;C:\Users\PC\.m2\repository\org\apache\logging\log4j\log4j-to-slf4j\2.17.2\log4j-to-slf4j-2.17.2.jar;C:\Users\PC\.m2\repository\org\apache\logging\log4j\log4j-api\2.17.2\log4j-api-2.17.2.jar;C:\Users\PC\.m2\repository\org\slf4j\jul-to-slf4j\1.7.36\jul-to-slf4j-1.7.36.jar;C:\Users\PC\.m2\repository\jakarta\annotation\jakarta.annotation-api\1.3.5\jakarta.annotation-api-1.3.5.jar;C:\Users\PC\.m2\repository\org\yaml\snakeyaml\1.30\snakeyaml-1.30.jar;C:\Users\PC\.m2\repository\org\springframework\boot\spring-boot-starter-json\2.7.5\spring-boot-starter-json-2.7.5.jar;C:\Users\PC\.m2\repository\com\fasterxml\jackson\datatype\jackson-datatype-jdk8\2.13.4\jackson-datatype-jdk8-2.13.4.jar;C:\Users\PC\.m2\repository\com\fasterxml\jackson\datatype\jackson-datatype-jsr310\2.13.4\jackson-datatype-jsr310-2.13.4.jar;C:\Users\PC\.m2\repository\com\fasterxml\jackson\module\jackson-module-parameter-names\2.13.4\jackson-module-parameter-names-2.13.4.jar;C:\Users\PC\.m2\repository\org\springframework\boot\spring-boot-starter-tomcat\2.7.5\spring-boot-starter-tomcat-2.7.5.jar;C:\Users\PC\.m2\repository\org\apache\tomcat\embed\tomcat-embed-core\9.0.68\tomcat-embed-core-9.0.68.jar;C:\Users\PC\.m2\repository\org\apache\tomcat\embed\tomcat-embed-el\9.0.68\tomcat-embed-el-9.0.68.jar;C:\Users\PC\.m2\repository\org\apache\tomcat\embed\tomcat-embed-websocket\9.0.68\tomcat-embed-websocket-9.0.68.jar;C:\Users\PC\.m2\repository\org\springframework\spring-web\5.3.23\spring-web-5.3.23.jar;C:\Users\PC\.m2\repository\org\springframework\spring-webmvc\5.3.23\spring-webmvc-5.3.23.jar;C:\Users\PC\.m2\repository\org\springframework\spring-expression\5.3.23\spring-expression-5.3.23.jar;C:\Users\PC\.m2\repository\org\springframework\boot\spring-boot-devtools\2.7.5\spring-boot-devtools-2.7.5.jar;C:\Users\PC\.m2\repository\org\springframework\boot\spring-boot\2.7.5\spring-boot-2.7.5.jar;C:\Users\PC\.m2\repository\org\springframework\boot\spring-boot-autoconfigure\2.7.5\spring-boot-autoconfigure-2.7.5.jar;C:\Users\PC\.m2\repository\com\mysql\mysql-connector-j\8.0.31\mysql-connector-j-8.0.31.jar;C:\Users\PC\.m2\repository\jakarta\xml\bind\jakarta.xml.bind-api\2.3.3\jakarta.xml.bind-api-2.3.3.jar;C:\Users\PC\.m2\repository\jakarta\activation\jakarta.activation-api\1.2.2\jakarta.activation-api-1.2.2.jar;C:\Users\PC\.m2\repository\org\springframework\spring-core\5.3.23\spring-core-5.3.23.jar;C:\Users\PC\.m2\repository\org\springframework\spring-jcl\5.3.23\spring-jcl-5.3.23.jar;C:\Users\PC\.m2\repository\org\projectlombok\lombok\1.18.24\lombok-1.18.24.jar;C:\Users\PC\.m2\repository\org\mapstruct\mapstruct\1.5.2.Final\mapstruct-1.5.2.Final.jar;C:\Users\PC\.m2\repository\org\modelmapper\modelmapper\3.1.0\modelmapper-3.1.0.jar;C:\Users\PC\.m2\repository\commons-io\commons-io\2.4\commons-io-2.4.jar;C:\Users\PC\.m2\repository\org\springframework\security\spring-security-crypto\5.7.5\spring-security-crypto-5.7.5.jar;C:\Users\PC\.m2\repository\org\springframework\boot\spring-boot-starter-mail\2.7.5\spring-boot-starter-mail-2.7.5.jar;C:\Users\PC\.m2\repository\org\springframework\spring-context-support\5.3.23\spring-context-support-5.3.23.jar;C:\Users\PC\.m2\repository\com\sun\mail\jakarta.mail\1.6.7\jakarta.mail-1.6.7.jar;C:\Users\PC\.m2\repository\com\sun\activation\jakarta.activation\1.2.2\jakarta.activation-1.2.2.jar;C:\Users\PC\.m2\repository\org\springframework\boot\spring-boot-starter-security\2.7.5\spring-boot-starter-security-2.7.5.jar;C:\Users\PC\.m2\repository\org\springframework\spring-aop\5.3.23\spring-aop-5.3.23.jar;C:\Users\PC\.m2\repository\org\springframework\security\spring-security-config\5.7.4\spring-security-config-5.7.4.jar;C:\Users\PC\.m2\repository\org\springframework\security\spring-security-web\5.7.4\spring-security-web-5.7.4.jar;C:\Users\PC\.m2\repository\org\springframework\security\spring-security-core\5.7.4\spring-security-core-5.7.4.jar;C:\Users\PC\.m2\repository\io\jsonwebtoken\jjwt\0.9.1\jjwt-0.9.1.jar;C:\Users\PC\.m2\repository\com\fasterxml\jackson\core\jackson-databind\2.13.4.2\jackson-databind-2.13.4.2.jar;C:\Users\PC\.m2\repository\com\fasterxml\jackson\core\jackson-annotations\2.13.4\jackson-annotations-2.13.4.jar;C:\Users\PC\.m2\repository\com\fasterxml\jackson\core\jackson-core\2.13.4\jackson-core-2.13.4.jar;C:\Users\PC\.m2\repository\javax\xml\bind\jaxb-api\2.3.0\jaxb-api-2.3.0.jar
Launcher Type: SUN_STANDARD

[Global flags]
     intx CICompilerCount                          = 4                                         {product} {ergonomic}
     uint ConcGCThreads                            = 2                                         {product} {ergonomic}
     uint G1ConcRefinementThreads                  = 8                                         {product} {ergonomic}
   size_t G1HeapRegionSize                         = 1048576                                   {product} {ergonomic}
    uintx GCDrainStackTargetSize                   = 64                                        {product} {ergonomic}
   size_t InitialHeapSize                          = 117440512                                 {product} {ergonomic}
     bool ManagementServer                         = true                                      {product} {command line}
   size_t MarkStackSize                            = 4194304                                   {product} {ergonomic}
   size_t MaxHeapSize                              = 1866465280                                {product} {ergonomic}
   size_t MaxNewSize                               = 1119879168                                {product} {ergonomic}
   size_t MinHeapDeltaBytes                        = 1048576                                   {product} {ergonomic}
   size_t MinHeapSize                              = 8388608                                   {product} {ergonomic}
    uintx NonProfiledCodeHeapSize                  = 0                                      {pd product} {ergonomic}
     bool ProfileInterpreter                       = false                                  {pd product} {command line}
    uintx ProfiledCodeHeapSize                     = 0                                      {pd product} {ergonomic}
   size_t SoftMaxHeapSize                          = 1866465280                             {manageable} {ergonomic}
     intx TieredStopAtLevel                        = 1                                         {product} {command line}
     bool UseCompressedClassPointers               = true                           {product lp64_product} {ergonomic}
     bool UseCompressedOops                        = true                           {product lp64_product} {ergonomic}
     bool UseG1GC                                  = true                                      {product} {ergonomic}
     bool UseLargePagesIndividualAllocation        = false                                  {pd product} {ergonomic}

Logging:
Log output configuration:
 #0: stdout all=warning uptime,level,tags foldmultilines=false
 #1: stderr all=off uptime,level,tags foldmultilines=false

Environment Variables:
PATH=D:\JDK\bin;C:\Program Files (x86)\Common Files\Intel\Shared Libraries\redist\intel64\compiler;C:\Program Files\Python38\Scripts\;C:\Program Files\Python38\;C:\Program Files\Common Files\Oracle\Java\javapath;C:\Program Files (x86)\Common Files\Oracle\Java\javapath;C:\Windows\system32;C:\Windows;C:\Windows\System32\Wbem;C:\Windows\System32\WindowsPowerShell\v1.0\;C:\Windows\System32\OpenSSH\;C:\Program Files (x86)\NVIDIA Corporation\PhysX\Common;C:\Program Files\Intel\WiFi\bin\;C:\Program Files\Common Files\Intel\WirelessCommon\;C:\Program Files (x86)\Microsoft SQL Server\100\Tools\Binn\;C:\Program Files\Microsoft SQL Server\100\Tools\Binn\;C:\Program Files\Microsoft SQL Server\100\DTS\Binn\;C:\Program Files\NVIDIA Corporation\NVIDIA NvDLISR;C:\WINDOWS\system32;C:\WINDOWS;C:\WINDOWS\System32\Wbem;C:\WINDOWS\System32\WindowsPowerShell\v1.0\;C:\WINDOWS\System32\OpenSSH\;C:\Program Files\Microsoft SQL Server\Client SDK\ODBC\170\Tools\Binn\;C:\Program Files (x86)\Microsoft SQL Server\150\Tools\Binn\;C:\Program Files\Microsoft SQL Server\150\Tools\Binn\;C:\Program Files\Microsoft SQL Server\150\DTS\Binn\;C:\Program Files (x86)\Microsoft SQL Server\150\DTS\Binn\;C:\ProgramData\chocolatey\bin;C:\Program Files\Git\cmd;C:\Program Files\Microsoft SQL Server\130\Tools\Binn\;D:\up rom tools\platform-tools;D:\Framework\Node.js\;C:\Program Files\Java\jre1.8.0_341\bin;D:\JDK\bin;D:\Server\apache-maven-3.8.6-bin\apache-maven-3.8.6\bin;;C:\Program Files\Docker\Docker\resources\bin;C:\Program Files\Cloudflare\Cloudflare WARP\;C:\Users\PC\AppData\Local\Microsoft\WindowsApps;C:\Users\PC\AppData\Roaming\Dashlane\6.1940.1.24013\bin\Firefox_Extension\{442718d9-475e-452a-b3e1-fb1ee16b8e9f}\components;C:\Users\PC\AppData\Roaming\Dashlane\6.1940.1.24013\ucrt;C:\Users\PC\AppData\Roaming\Dashlane\6.1940.1.24013\bin\Qt;C:\Users\PC\AppData\Roaming\Dashlane\6.1940.1.24013\bin\Ssl;D:\Microsoft Visual Studio Code\Microsoft VS Code\bin;D:\Software\Heroku\bin;C:\Program Files\Azure Data Studio\bin;C:\Users\PC\AppData\Local\Microsoft\WindowsApps;C:\Users\PC\AppData\Local\Programs\Hyper\resources\bin;C:\Windows\Microsoft.NET\Framework\v4.0.30319;C:\Users\PC\.dotnet\tools;C:\Users\PC\AppData\Roaming\npm;D:\Server\apache-maven-3.8.6-bin\apache-maven-3.8.6\bin
USERNAME=PC
OS=Windows_NT
PROCESSOR_IDENTIFIER=AMD64 Family 23 Model 17 Stepping 0, AuthenticAMD
TMP=C:\Users\PC\AppData\Local\Temp
TEMP=C:\Users\PC\AppData\Local\Temp



---------------  S Y S T E M  ---------------

OS:
 Windows 10 , 64 bit Build 19041 (10.0.19041.2546)
OS uptime: 0 days 20:25 hours
Hyper-V role detected

CPU: total 8 (initial active 8) (8 cores per cpu, 2 threads per core) family 23 model 17 stepping 0 microcode 0x0, cx8, cmov, fxsr, ht, mmx, 3dnowpref, sse, sse2, sse3, ssse3, sse4a, sse4.1, sse4.2, popcnt, lzcnt, tsc, tscinvbit, avx, avx2, aes, clmul, bmi1, bmi2, adx, sha, fma, vzeroupper, clflush, clflushopt, hv, rdtscp

Memory: 4k page, system-wide physical 7116M (734M free)
TotalPageFile size 11212M (AvailPageFile size 5M)
current process WorkingSet (physical memory assigned to process): 244M, peak: 246M
current process commit charge ("private bytes"): 299M, peak: 300M

vm_info: Java HotSpot(TM) 64-Bit Server VM (19.0.1+10-21) for windows-amd64 JRE (19.0.1+10-21), built on 2022-09-14T12:45:06Z by "mach5one" with MS VC++ 17.1 (VS2022)

END.
